2023-03-16 11:43:49 [HikariPool-1 housekeeper] WARN  : HikariPool-1 - Thread starvation or clock leap detected (housekeeper delta=16h12m2s965ms287µs400ns).
2023-03-16 11:45:21 [AsyncResolver-bootstrap-executor-0] INFO  : Resolving eureka endpoints via configuration
2023-03-16 11:50:21 [AsyncResolver-bootstrap-executor-0] INFO  : Resolving eureka endpoints via configuration
2023-03-16 11:51:31 [http-nio-4000-exec-1] INFO  : Initializing Spring DispatcherServlet 'dispatcherServlet'
2023-03-16 11:51:31 [http-nio-4000-exec-1] INFO  : Initializing Servlet 'dispatcherServlet'
2023-03-16 11:51:31 [http-nio-4000-exec-1] INFO  : Completed initialization in 71 ms
2023-03-16 11:51:32 [http-nio-4000-exec-1] INFO  : Inside the CustomerService and RegisterCustomer Method
2023-03-16 11:55:21 [AsyncResolver-bootstrap-executor-0] INFO  : Resolving eureka endpoints via configuration
2023-03-16 12:00:21 [AsyncResolver-bootstrap-executor-0] INFO  : Resolving eureka endpoints via configuration
2023-03-16 12:05:21 [AsyncResolver-bootstrap-executor-0] INFO  : Resolving eureka endpoints via configuration
2023-03-16 12:10:21 [AsyncResolver-bootstrap-executor-0] INFO  : Resolving eureka endpoints via configuration
2023-03-16 12:15:21 [AsyncResolver-bootstrap-executor-0] INFO  : Resolving eureka endpoints via configuration
2023-03-16 12:20:21 [AsyncResolver-bootstrap-executor-0] INFO  : Resolving eureka endpoints via configuration
2023-03-16 12:25:21 [AsyncResolver-bootstrap-executor-0] INFO  : Resolving eureka endpoints via configuration
2023-03-16 12:30:21 [AsyncResolver-bootstrap-executor-0] INFO  : Resolving eureka endpoints via configuration
2023-03-16 12:35:21 [AsyncResolver-bootstrap-executor-0] INFO  : Resolving eureka endpoints via configuration
2023-03-16 12:40:21 [AsyncResolver-bootstrap-executor-0] INFO  : Resolving eureka endpoints via configuration
2023-03-16 12:45:21 [AsyncResolver-bootstrap-executor-0] INFO  : Resolving eureka endpoints via configuration
2023-03-16 12:50:21 [AsyncResolver-bootstrap-executor-0] INFO  : Resolving eureka endpoints via configuration
2023-03-16 12:55:21 [AsyncResolver-bootstrap-executor-0] INFO  : Resolving eureka endpoints via configuration
2023-03-16 13:00:21 [AsyncResolver-bootstrap-executor-0] INFO  : Resolving eureka endpoints via configuration
2023-03-16 13:05:21 [AsyncResolver-bootstrap-executor-0] INFO  : Resolving eureka endpoints via configuration
2023-03-16 13:10:21 [AsyncResolver-bootstrap-executor-0] INFO  : Resolving eureka endpoints via configuration
2023-03-16 13:15:21 [AsyncResolver-bootstrap-executor-0] INFO  : Resolving eureka endpoints via configuration
2023-03-16 13:20:21 [AsyncResolver-bootstrap-executor-0] INFO  : Resolving eureka endpoints via configuration
2023-03-16 13:25:21 [AsyncResolver-bootstrap-executor-0] INFO  : Resolving eureka endpoints via configuration
2023-03-16 14:25:54 [HikariPool-1 housekeeper] WARN  : HikariPool-1 - Thread starvation or clock leap detected (housekeeper delta=56m33s457ms977µs400ns).
