2023-03-28 13:18:16 [background-preinit] INFO  : HV000001: Hibernate Validator 8.0.0.Final
2023-03-28 13:18:16 [restartedMain] INFO  : Starting FarmerServiceApplication using Java 17.0.1 with PID 21184 (C:\Java_Workspace\KishanProjRepository\Farmer-Service\target\classes started by 233107 in C:\Java_Workspace\KishanProjRepository\Farmer-Service)
2023-03-28 13:18:16 [restartedMain] INFO  : No active profile set, falling back to 1 default profile: "default"
2023-03-28 13:18:16 [restartedMain] INFO  : Devtools property defaults active! Set 'spring.devtools.add-properties' to 'false' to disable
2023-03-28 13:18:16 [restartedMain] INFO  : For additional web related logging consider setting the 'logging.level.web' property to 'DEBUG'
2023-03-28 13:18:17 [restartedMain] INFO  : Bootstrapping Spring Data JPA repositories in DEFAULT mode.
2023-03-28 13:18:18 [restartedMain] INFO  : Finished Spring Data repository scanning in 162 ms. Found 2 JPA repository interfaces.
2023-03-28 13:18:18 [restartedMain] INFO  : BeanFactory id=e8c548ff-03c6-3d0e-b304-4271003107e9
2023-03-28 13:18:19 [restartedMain] INFO  : Tomcat initialized with port(s): 4001 (http)
2023-03-28 13:18:19 [restartedMain] INFO  : Initializing ProtocolHandler ["http-nio-4001"]
2023-03-28 13:18:19 [restartedMain] INFO  : Starting service [Tomcat]
2023-03-28 13:18:19 [restartedMain] INFO  : Starting Servlet engine: [Apache Tomcat/10.1.4]
2023-03-28 13:18:19 [restartedMain] INFO  : Initializing Spring embedded WebApplicationContext
2023-03-28 13:18:19 [restartedMain] INFO  : Root WebApplicationContext: initialization completed in 2401 ms
2023-03-28 13:18:19 [restartedMain] INFO  : HHH000204: Processing PersistenceUnitInfo [name: default]
2023-03-28 13:18:19 [restartedMain] INFO  : HHH000412: Hibernate ORM core version 6.1.6.Final
2023-03-28 13:18:19 [restartedMain] WARN  : HHH90000021: Encountered deprecated setting [javax.persistence.sharedCache.mode], use [jakarta.persistence.sharedCache.mode] instead
2023-03-28 13:18:19 [restartedMain] INFO  : HikariPool-1 - Starting...
2023-03-28 13:18:20 [restartedMain] INFO  : HikariPool-1 - Added connection com.mysql.cj.jdbc.ConnectionImpl@4f00abb4
2023-03-28 13:18:20 [restartedMain] INFO  : HikariPool-1 - Start completed.
2023-03-28 13:18:20 [restartedMain] INFO  : HHH000400: Using dialect: org.hibernate.dialect.MySQL5Dialect
2023-03-28 13:18:20 [restartedMain] WARN  : HHH90000026: MySQL5Dialect has been deprecated; use org.hibernate.dialect.MySQLDialect instead
2023-03-28 13:18:21 [restartedMain] INFO  : HHH000490: Using JtaPlatform implementation: [org.hibernate.engine.transaction.jta.platform.internal.NoJtaPlatform]
2023-03-28 13:18:21 [restartedMain] INFO  : Initialized JPA EntityManagerFactory for persistence unit 'default'
2023-03-28 13:18:21 [restartedMain] WARN  : spring.jpa.open-in-view is enabled by default. Therefore, database queries may be performed during view rendering. Explicitly configure spring.jpa.open-in-view to disable this warning
2023-03-28 13:18:21 [restartedMain] INFO  : Will secure any request with [org.springframework.security.web.session.DisableEncodeUrlFilter@3728a959, org.springframework.security.web.context.request.async.WebAsyncManagerIntegrationFilter@729f5445, org.springframework.security.web.context.SecurityContextHolderFilter@22d8a5a8, org.springframework.security.web.header.HeaderWriterFilter@260c16d1, org.springframework.security.web.authentication.logout.LogoutFilter@19b97c1f, org.springframework.security.web.savedrequest.RequestCacheAwareFilter@63275757, org.springframework.security.web.servletapi.SecurityContextHolderAwareRequestFilter@53ea55e, org.springframework.security.web.authentication.AnonymousAuthenticationFilter@159aab5e, org.springframework.security.web.access.ExceptionTranslationFilter@3cba26c5]
2023-03-28 13:18:23 [restartedMain] INFO  : LiveReload server is running on port 35729
2023-03-28 13:18:23 [restartedMain] INFO  : Eureka HTTP Client uses RestTemplate.
2023-03-28 13:18:24 [restartedMain] WARN  : Spring Cloud LoadBalancer is currently working with the default cache. While this cache implementation is useful for development and tests, it's recommended to use Caffeine cache in production.You can switch to using Caffeine cache, by adding it and org.springframework.cache.caffeine.CaffeineCacheManager to the classpath.
2023-03-28 13:18:24 [restartedMain] INFO  : Setting initial instance status as: STARTING
2023-03-28 13:18:24 [restartedMain] INFO  : Initializing Eureka in region us-east-1
2023-03-28 13:18:24 [restartedMain] INFO  : Resolving eureka endpoints via configuration
2023-03-28 13:18:24 [restartedMain] INFO  : Disable delta property : false
2023-03-28 13:18:24 [restartedMain] INFO  : Single vip registry refresh property : null
2023-03-28 13:18:24 [restartedMain] INFO  : Force full registry fetch : false
2023-03-28 13:18:24 [restartedMain] INFO  : Application is null : false
2023-03-28 13:18:24 [restartedMain] INFO  : Registered Applications size is zero : true
2023-03-28 13:18:24 [restartedMain] INFO  : Application version is -1: true
2023-03-28 13:18:24 [restartedMain] INFO  : Getting all instance registry info from the eureka server
2023-03-28 13:18:24 [restartedMain] INFO  : The response status is 200
2023-03-28 13:18:24 [restartedMain] INFO  : Starting heartbeat executor: renew interval is: 30
2023-03-28 13:18:24 [restartedMain] INFO  : InstanceInfoReplicator onDemand update allowed rate per min is 4
2023-03-28 13:18:24 [restartedMain] INFO  : Discovery Client initialized at timestamp 1679989704459 with initial instances count: 0
2023-03-28 13:18:24 [restartedMain] INFO  : Registering application FARMER-SERVICE with eureka with status UP
2023-03-28 13:18:24 [restartedMain] INFO  : Saw local status change event StatusChangeEvent [timestamp=1679989704465, current=UP, previous=STARTING]
2023-03-28 13:18:24 [DiscoveryClient-InstanceInfoReplicator-0] INFO  : DiscoveryClient_FARMER-SERVICE/C877LMAA.ustr.com:FARMER-SERVICE:4001: registering service...
2023-03-28 13:18:24 [restartedMain] INFO  : Starting ProtocolHandler ["http-nio-4001"]
2023-03-28 13:18:24 [restartedMain] INFO  : Tomcat started on port(s): 4001 (http) with context path ''
2023-03-28 13:18:24 [restartedMain] INFO  : Updating port to 4001
2023-03-28 13:18:24 [DiscoveryClient-InstanceInfoReplicator-0] INFO  : DiscoveryClient_FARMER-SERVICE/C877LMAA.ustr.com:FARMER-SERVICE:4001 - registration status: 204
2023-03-28 13:18:24 [restartedMain] INFO  : Started FarmerServiceApplication in 8.65 seconds (process running for 9.285)
2023-03-28 13:18:54 [DiscoveryClient-CacheRefreshExecutor-0] INFO  : Disable delta property : false
2023-03-28 13:18:54 [DiscoveryClient-CacheRefreshExecutor-0] INFO  : Single vip registry refresh property : null
2023-03-28 13:18:54 [DiscoveryClient-CacheRefreshExecutor-0] INFO  : Force full registry fetch : false
2023-03-28 13:18:54 [DiscoveryClient-CacheRefreshExecutor-0] INFO  : Application is null : false
2023-03-28 13:18:54 [DiscoveryClient-CacheRefreshExecutor-0] INFO  : Registered Applications size is zero : true
2023-03-28 13:18:54 [DiscoveryClient-CacheRefreshExecutor-0] INFO  : Application version is -1: false
2023-03-28 13:18:54 [DiscoveryClient-CacheRefreshExecutor-0] INFO  : Getting all instance registry info from the eureka server
2023-03-28 13:18:54 [DiscoveryClient-CacheRefreshExecutor-0] INFO  : The response status is 200
2023-03-28 13:23:24 [AsyncResolver-bootstrap-executor-0] INFO  : Resolving eureka endpoints via configuration
2023-03-28 13:26:12 [SpringApplicationShutdownHook] INFO  : Unregistering application FARMER-SERVICE with eureka with status DOWN
2023-03-28 13:26:12 [SpringApplicationShutdownHook] INFO  : Saw local status change event StatusChangeEvent [timestamp=1679990172187, current=DOWN, previous=UP]
2023-03-28 13:26:12 [DiscoveryClient-InstanceInfoReplicator-0] INFO  : DiscoveryClient_FARMER-SERVICE/C877LMAA.ustr.com:FARMER-SERVICE:4001: registering service...
2023-03-28 13:26:12 [DiscoveryClient-InstanceInfoReplicator-0] INFO  : DiscoveryClient_FARMER-SERVICE/C877LMAA.ustr.com:FARMER-SERVICE:4001 - registration status: 204
2023-03-28 13:26:12 [SpringApplicationShutdownHook] INFO  : Closing JPA EntityManagerFactory for persistence unit 'default'
2023-03-28 13:26:12 [SpringApplicationShutdownHook] INFO  : HikariPool-1 - Shutdown initiated...
2023-03-28 13:26:12 [SpringApplicationShutdownHook] INFO  : HikariPool-1 - Shutdown completed.
2023-03-28 13:26:12 [SpringApplicationShutdownHook] INFO  : Shutting down DiscoveryClient ...
2023-03-28 13:26:15 [SpringApplicationShutdownHook] INFO  : Unregistering ...
2023-03-28 13:26:15 [SpringApplicationShutdownHook] INFO  : DiscoveryClient_FARMER-SERVICE/C877LMAA.ustr.com:FARMER-SERVICE:4001 - deregister  status: 200
2023-03-28 13:26:15 [SpringApplicationShutdownHook] INFO  : Completed shut down of DiscoveryClient
2023-03-28 13:58:20 [background-preinit] INFO  : HV000001: Hibernate Validator 8.0.0.Final
2023-03-28 13:58:20 [restartedMain] INFO  : Starting FarmerServiceApplication using Java 17.0.1 with PID 7164 (C:\Java_Workspace\KishanProjRepository\Farmer-Service\target\classes started by 233107 in C:\Java_Workspace\KishanProjRepository\Farmer-Service)
2023-03-28 13:58:20 [restartedMain] INFO  : No active profile set, falling back to 1 default profile: "default"
2023-03-28 13:58:20 [restartedMain] INFO  : Devtools property defaults active! Set 'spring.devtools.add-properties' to 'false' to disable
2023-03-28 13:58:20 [restartedMain] INFO  : For additional web related logging consider setting the 'logging.level.web' property to 'DEBUG'
2023-03-28 13:58:21 [restartedMain] INFO  : Bootstrapping Spring Data JPA repositories in DEFAULT mode.
2023-03-28 13:58:21 [restartedMain] INFO  : Finished Spring Data repository scanning in 152 ms. Found 2 JPA repository interfaces.
2023-03-28 13:58:22 [restartedMain] INFO  : BeanFactory id=e8c548ff-03c6-3d0e-b304-4271003107e9
2023-03-28 13:58:24 [restartedMain] INFO  : Tomcat initialized with port(s): 4001 (http)
2023-03-28 13:58:24 [restartedMain] INFO  : Initializing ProtocolHandler ["http-nio-4001"]
2023-03-28 13:58:24 [restartedMain] INFO  : Starting service [Tomcat]
2023-03-28 13:58:24 [restartedMain] INFO  : Starting Servlet engine: [Apache Tomcat/10.1.4]
2023-03-28 13:58:25 [restartedMain] INFO  : Initializing Spring embedded WebApplicationContext
2023-03-28 13:58:25 [restartedMain] INFO  : Root WebApplicationContext: initialization completed in 5015 ms
2023-03-28 13:58:25 [restartedMain] INFO  : HHH000204: Processing PersistenceUnitInfo [name: default]
2023-03-28 13:58:25 [restartedMain] INFO  : HHH000412: Hibernate ORM core version 6.1.6.Final
2023-03-28 13:58:26 [restartedMain] WARN  : HHH90000021: Encountered deprecated setting [javax.persistence.sharedCache.mode], use [jakarta.persistence.sharedCache.mode] instead
2023-03-28 13:58:26 [restartedMain] INFO  : HikariPool-1 - Starting...
2023-03-28 13:58:26 [restartedMain] INFO  : HikariPool-1 - Added connection com.mysql.cj.jdbc.ConnectionImpl@6540cb2d
2023-03-28 13:58:26 [restartedMain] INFO  : HikariPool-1 - Start completed.
2023-03-28 13:58:26 [restartedMain] INFO  : HHH000400: Using dialect: org.hibernate.dialect.MySQL5Dialect
2023-03-28 13:58:26 [restartedMain] WARN  : HHH90000026: MySQL5Dialect has been deprecated; use org.hibernate.dialect.MySQLDialect instead
2023-03-28 13:58:28 [restartedMain] INFO  : HHH000490: Using JtaPlatform implementation: [org.hibernate.engine.transaction.jta.platform.internal.NoJtaPlatform]
2023-03-28 13:58:28 [restartedMain] INFO  : Initialized JPA EntityManagerFactory for persistence unit 'default'
2023-03-28 13:58:29 [restartedMain] WARN  : spring.jpa.open-in-view is enabled by default. Therefore, database queries may be performed during view rendering. Explicitly configure spring.jpa.open-in-view to disable this warning
2023-03-28 13:58:29 [restartedMain] INFO  : Will secure any request with [org.springframework.security.web.session.DisableEncodeUrlFilter@7f9e5d21, org.springframework.security.web.context.request.async.WebAsyncManagerIntegrationFilter@27b7860e, org.springframework.security.web.context.SecurityContextHolderFilter@14a44ec6, org.springframework.security.web.header.HeaderWriterFilter@1ceb0949, org.springframework.security.web.authentication.logout.LogoutFilter@478e48ef, org.springframework.security.web.savedrequest.RequestCacheAwareFilter@4aa18ac7, org.springframework.security.web.servletapi.SecurityContextHolderAwareRequestFilter@f1378e6, org.springframework.security.web.authentication.AnonymousAuthenticationFilter@19faa628, org.springframework.security.web.access.ExceptionTranslationFilter@17151edd]
2023-03-28 13:58:30 [restartedMain] INFO  : LiveReload server is running on port 35729
2023-03-28 13:58:31 [restartedMain] INFO  : Eureka HTTP Client uses RestTemplate.
2023-03-28 13:58:31 [restartedMain] WARN  : Spring Cloud LoadBalancer is currently working with the default cache. While this cache implementation is useful for development and tests, it's recommended to use Caffeine cache in production.You can switch to using Caffeine cache, by adding it and org.springframework.cache.caffeine.CaffeineCacheManager to the classpath.
2023-03-28 13:58:31 [restartedMain] INFO  : Setting initial instance status as: STARTING
2023-03-28 13:58:31 [restartedMain] INFO  : Initializing Eureka in region us-east-1
2023-03-28 13:58:31 [restartedMain] INFO  : Resolving eureka endpoints via configuration
2023-03-28 13:58:31 [restartedMain] INFO  : Disable delta property : false
2023-03-28 13:58:31 [restartedMain] INFO  : Single vip registry refresh property : null
2023-03-28 13:58:31 [restartedMain] INFO  : Force full registry fetch : false
2023-03-28 13:58:31 [restartedMain] INFO  : Application is null : false
2023-03-28 13:58:31 [restartedMain] INFO  : Registered Applications size is zero : true
2023-03-28 13:58:31 [restartedMain] INFO  : Application version is -1: true
2023-03-28 13:58:31 [restartedMain] INFO  : Getting all instance registry info from the eureka server
2023-03-28 13:58:31 [restartedMain] INFO  : The response status is 200
2023-03-28 13:58:31 [restartedMain] INFO  : Starting heartbeat executor: renew interval is: 30
2023-03-28 13:58:31 [restartedMain] INFO  : InstanceInfoReplicator onDemand update allowed rate per min is 4
2023-03-28 13:58:31 [restartedMain] INFO  : Discovery Client initialized at timestamp 1679992111686 with initial instances count: 0
2023-03-28 13:58:31 [restartedMain] INFO  : Registering application FARMER-SERVICE with eureka with status UP
2023-03-28 13:58:31 [restartedMain] INFO  : Saw local status change event StatusChangeEvent [timestamp=1679992111691, current=UP, previous=STARTING]
2023-03-28 13:58:31 [DiscoveryClient-InstanceInfoReplicator-0] INFO  : DiscoveryClient_FARMER-SERVICE/C877LMAA.ustr.com:FARMER-SERVICE:4001: registering service...
2023-03-28 13:58:31 [restartedMain] INFO  : Starting ProtocolHandler ["http-nio-4001"]
2023-03-28 13:58:31 [restartedMain] INFO  : Tomcat started on port(s): 4001 (http) with context path ''
2023-03-28 13:58:31 [restartedMain] INFO  : Updating port to 4001
2023-03-28 13:58:31 [DiscoveryClient-InstanceInfoReplicator-0] INFO  : DiscoveryClient_FARMER-SERVICE/C877LMAA.ustr.com:FARMER-SERVICE:4001 - registration status: 204
2023-03-28 13:58:31 [restartedMain] INFO  : Started FarmerServiceApplication in 12.834 seconds (process running for 13.512)
2023-03-28 13:59:01 [DiscoveryClient-CacheRefreshExecutor-0] INFO  : Disable delta property : false
2023-03-28 13:59:01 [DiscoveryClient-CacheRefreshExecutor-0] INFO  : Single vip registry refresh property : null
2023-03-28 13:59:01 [DiscoveryClient-CacheRefreshExecutor-0] INFO  : Force full registry fetch : false
2023-03-28 13:59:01 [DiscoveryClient-CacheRefreshExecutor-0] INFO  : Application is null : false
2023-03-28 13:59:01 [DiscoveryClient-CacheRefreshExecutor-0] INFO  : Registered Applications size is zero : true
2023-03-28 13:59:01 [DiscoveryClient-CacheRefreshExecutor-0] INFO  : Application version is -1: false
2023-03-28 13:59:01 [DiscoveryClient-CacheRefreshExecutor-0] INFO  : Getting all instance registry info from the eureka server
2023-03-28 13:59:01 [DiscoveryClient-CacheRefreshExecutor-0] INFO  : The response status is 200
2023-03-28 14:03:31 [AsyncResolver-bootstrap-executor-0] INFO  : Resolving eureka endpoints via configuration
2023-03-28 14:08:31 [AsyncResolver-bootstrap-executor-0] INFO  : Resolving eureka endpoints via configuration
2023-03-28 14:13:31 [AsyncResolver-bootstrap-executor-0] INFO  : Resolving eureka endpoints via configuration
2023-03-28 14:45:39 [HikariPool-1 housekeeper] WARN  : HikariPool-1 - Thread starvation or clock leap detected (housekeeper delta=30m12s677ms37µs600ns).
2023-03-28 14:48:14 [AsyncResolver-bootstrap-executor-0] INFO  : Resolving eureka endpoints via configuration
2023-03-28 14:48:56 [File Watcher] INFO  : Restarting due to 23 class path changes (0 additions, 4 deletions, 19 modifications)
2023-03-28 14:48:56 [Thread-6] INFO  : Unregistering application FARMER-SERVICE with eureka with status DOWN
2023-03-28 14:48:56 [Thread-6] INFO  : Saw local status change event StatusChangeEvent [timestamp=1679995136224, current=DOWN, previous=UP]
2023-03-28 14:48:56 [DiscoveryClient-InstanceInfoReplicator-0] INFO  : DiscoveryClient_FARMER-SERVICE/C877LMAA.ustr.com:FARMER-SERVICE:4001: registering service...
2023-03-28 14:48:56 [DiscoveryClient-InstanceInfoReplicator-0] INFO  : DiscoveryClient_FARMER-SERVICE/C877LMAA.ustr.com:FARMER-SERVICE:4001 - registration status: 204
2023-03-28 14:48:56 [Thread-6] INFO  : Pausing ProtocolHandler ["http-nio-4001"]
2023-03-28 14:48:56 [Thread-6] INFO  : Stopping service [Tomcat]
2023-03-28 14:48:56 [Thread-6] INFO  : Stopping ProtocolHandler ["http-nio-4001"]
2023-03-28 14:48:56 [Thread-6] INFO  : Destroying ProtocolHandler ["http-nio-4001"]
2023-03-28 14:48:56 [Thread-6] INFO  : Closing JPA EntityManagerFactory for persistence unit 'default'
2023-03-28 14:48:56 [Thread-6] INFO  : HikariPool-1 - Shutdown initiated...
2023-03-28 14:48:56 [Thread-6] INFO  : HikariPool-1 - Shutdown completed.
2023-03-28 14:48:56 [Thread-6] INFO  : Shutting down DiscoveryClient ...
2023-03-28 14:48:59 [Thread-6] INFO  : Unregistering ...
2023-03-28 14:48:59 [Thread-6] INFO  : DiscoveryClient_FARMER-SERVICE/C877LMAA.ustr.com:FARMER-SERVICE:4001 - deregister  status: 200
2023-03-28 14:48:59 [Thread-6] INFO  : Completed shut down of DiscoveryClient
2023-03-28 14:48:59 [restartedMain] INFO  : Starting FarmerServiceApplication using Java 17.0.1 with PID 7164 (C:\Java_Workspace\KishanProjRepository\Farmer-Service\target\classes started by 233107 in C:\Java_Workspace\KishanProjRepository\Farmer-Service)
2023-03-28 14:48:59 [restartedMain] INFO  : No active profile set, falling back to 1 default profile: "default"
2023-03-28 14:49:00 [restartedMain] INFO  : Bootstrapping Spring Data JPA repositories in DEFAULT mode.
2023-03-28 14:49:00 [restartedMain] INFO  : Finished Spring Data repository scanning in 18 ms. Found 2 JPA repository interfaces.
2023-03-28 14:49:00 [restartedMain] INFO  : BeanFactory id=e8c548ff-03c6-3d0e-b304-4271003107e9
2023-03-28 14:49:00 [restartedMain] INFO  : Tomcat initialized with port(s): 4001 (http)
2023-03-28 14:49:00 [restartedMain] INFO  : Initializing ProtocolHandler ["http-nio-4001"]
2023-03-28 14:49:00 [restartedMain] INFO  : Starting service [Tomcat]
2023-03-28 14:49:00 [restartedMain] INFO  : Starting Servlet engine: [Apache Tomcat/10.1.4]
2023-03-28 14:49:00 [restartedMain] INFO  : Initializing Spring embedded WebApplicationContext
2023-03-28 14:49:00 [restartedMain] INFO  : Root WebApplicationContext: initialization completed in 578 ms
2023-03-28 14:49:00 [restartedMain] INFO  : HHH000204: Processing PersistenceUnitInfo [name: default]
2023-03-28 14:49:00 [restartedMain] WARN  : HHH90000021: Encountered deprecated setting [javax.persistence.sharedCache.mode], use [jakarta.persistence.sharedCache.mode] instead
2023-03-28 14:49:00 [restartedMain] INFO  : HikariPool-2 - Starting...
2023-03-28 14:49:00 [restartedMain] INFO  : HikariPool-2 - Added connection com.mysql.cj.jdbc.ConnectionImpl@3b268daa
2023-03-28 14:49:00 [restartedMain] INFO  : HikariPool-2 - Start completed.
2023-03-28 14:49:00 [restartedMain] INFO  : HHH000400: Using dialect: org.hibernate.dialect.MySQL5Dialect
2023-03-28 14:49:00 [restartedMain] WARN  : HHH90000026: MySQL5Dialect has been deprecated; use org.hibernate.dialect.MySQLDialect instead
2023-03-28 14:49:00 [restartedMain] INFO  : HHH000490: Using JtaPlatform implementation: [org.hibernate.engine.transaction.jta.platform.internal.NoJtaPlatform]
2023-03-28 14:49:00 [restartedMain] INFO  : Initialized JPA EntityManagerFactory for persistence unit 'default'
2023-03-28 14:49:00 [restartedMain] WARN  : Exception encountered during context initialization - cancelling refresh attempt: org.springframework.beans.factory.BeanCreationException: Error creating bean with name 'farmerInfoFarmerDetailsService' defined in file [C:\Java_Workspace\KishanProjRepository\Farmer-Service\target\classes\com\ust\kishon\config\FarmerInfoFarmerDetailsService.class]: Failed to instantiate [com.ust.kishon.config.FarmerInfoFarmerDetailsService]: Constructor threw exception
2023-03-28 14:49:00 [restartedMain] INFO  : Closing JPA EntityManagerFactory for persistence unit 'default'
2023-03-28 14:49:00 [restartedMain] INFO  : HikariPool-2 - Shutdown initiated...
2023-03-28 14:49:00 [restartedMain] INFO  : HikariPool-2 - Shutdown completed.
2023-03-28 14:49:00 [restartedMain] INFO  : Stopping service [Tomcat]
2023-03-28 14:49:00 [restartedMain] INFO  : 

Error starting ApplicationContext. To display the condition evaluation report re-run your application with 'debug' enabled.
2023-03-28 14:49:00 [restartedMain] ERROR : Application run failed
org.springframework.beans.factory.BeanCreationException: Error creating bean with name 'farmerInfoFarmerDetailsService' defined in file [C:\Java_Workspace\KishanProjRepository\Farmer-Service\target\classes\com\ust\kishon\config\FarmerInfoFarmerDetailsService.class]: Failed to instantiate [com.ust.kishon.config.FarmerInfoFarmerDetailsService]: Constructor threw exception
	at org.springframework.beans.factory.support.AbstractAutowireCapableBeanFactory.instantiateBean(AbstractAutowireCapableBeanFactory.java:1306)
	at org.springframework.beans.factory.support.AbstractAutowireCapableBeanFactory.createBeanInstance(AbstractAutowireCapableBeanFactory.java:1198)
	at org.springframework.beans.factory.support.AbstractAutowireCapableBeanFactory.doCreateBean(AbstractAutowireCapableBeanFactory.java:561)
	at org.springframework.beans.factory.support.AbstractAutowireCapableBeanFactory.createBean(AbstractAutowireCapableBeanFactory.java:521)
	at org.springframework.beans.factory.support.AbstractBeanFactory.lambda$doGetBean$0(AbstractBeanFactory.java:326)
	at org.springframework.beans.factory.support.DefaultSingletonBeanRegistry.getSingleton(DefaultSingletonBeanRegistry.java:234)
	at org.springframework.beans.factory.support.AbstractBeanFactory.doGetBean(AbstractBeanFactory.java:324)
	at org.springframework.beans.factory.support.AbstractBeanFactory.getBean(AbstractBeanFactory.java:200)
	at org.springframework.beans.factory.support.DefaultListableBeanFactory.preInstantiateSingletons(DefaultListableBeanFactory.java:961)
	at org.springframework.context.support.AbstractApplicationContext.finishBeanFactoryInitialization(AbstractApplicationContext.java:915)
	at org.springframework.context.support.AbstractApplicationContext.refresh(AbstractApplicationContext.java:584)
	at org.springframework.boot.web.servlet.context.ServletWebServerApplicationContext.refresh(ServletWebServerApplicationContext.java:146)
	at org.springframework.boot.SpringApplication.refresh(SpringApplication.java:730)
	at org.springframework.boot.SpringApplication.refreshContext(SpringApplication.java:432)
	at org.springframework.boot.SpringApplication.run(SpringApplication.java:308)
	at org.springframework.boot.SpringApplication.run(SpringApplication.java:1302)
	at org.springframework.boot.SpringApplication.run(SpringApplication.java:1291)
	at com.ust.kishon.FarmerServiceApplication.main(FarmerServiceApplication.java:13)
	at java.base/jdk.internal.reflect.NativeMethodAccessorImpl.invoke0(Native Method)
	at java.base/jdk.internal.reflect.NativeMethodAccessorImpl.invoke(NativeMethodAccessorImpl.java:77)
	at java.base/jdk.internal.reflect.DelegatingMethodAccessorImpl.invoke(DelegatingMethodAccessorImpl.java:43)
	at java.base/java.lang.reflect.Method.invoke(Method.java:568)
	at org.springframework.boot.devtools.restart.RestartLauncher.run(RestartLauncher.java:49)
Caused by: org.springframework.beans.BeanInstantiationException: Failed to instantiate [com.ust.kishon.config.FarmerInfoFarmerDetailsService]: Constructor threw exception
	at org.springframework.beans.BeanUtils.instantiateClass(BeanUtils.java:223)
	at org.springframework.beans.factory.support.SimpleInstantiationStrategy.instantiate(SimpleInstantiationStrategy.java:87)
	at org.springframework.beans.factory.support.AbstractAutowireCapableBeanFactory.instantiateBean(AbstractAutowireCapableBeanFactory.java:1300)
	... 22 common frames omitted
Caused by: java.lang.Error: Unresolved compilation problems: 
	The method loadUserByUsername(String) of type FarmerInfoFarmerDetailsService must override a superclass method
	Type mismatch: cannot convert from Object to UserDetails
	Constructor references are allowed only at source level 1.8 or above
	Lambda expressions are allowed only at source level 1.8 or above
	Cannot refer to the non-final local variable username defined in an enclosing scope

	at com.ust.kishon.config.FarmerInfoFarmerDetailsService.<init>(FarmerInfoFarmerDetailsService.java:20)
	at java.base/jdk.internal.reflect.NativeConstructorAccessorImpl.newInstance0(Native Method)
	at java.base/jdk.internal.reflect.NativeConstructorAccessorImpl.newInstance(NativeConstructorAccessorImpl.java:77)
	at java.base/jdk.internal.reflect.DelegatingConstructorAccessorImpl.newInstance(DelegatingConstructorAccessorImpl.java:45)
	at java.base/java.lang.reflect.Constructor.newInstanceWithCaller(Constructor.java:499)
	at java.base/java.lang.reflect.Constructor.newInstance(Constructor.java:480)
	at org.springframework.beans.BeanUtils.instantiateClass(BeanUtils.java:197)
	... 24 common frames omitted
2023-03-28 14:49:02 [restartedMain] INFO  : Starting FarmerServiceApplication using Java 17.0.1 with PID 7164 (C:\Java_Workspace\KishanProjRepository\Farmer-Service\target\classes started by 233107 in C:\Java_Workspace\KishanProjRepository\Farmer-Service)
2023-03-28 14:49:02 [restartedMain] INFO  : No active profile set, falling back to 1 default profile: "default"
2023-03-28 14:49:02 [restartedMain] INFO  : Bootstrapping Spring Data JPA repositories in DEFAULT mode.
2023-03-28 14:49:02 [restartedMain] INFO  : Finished Spring Data repository scanning in 11 ms. Found 2 JPA repository interfaces.
2023-03-28 14:49:02 [restartedMain] INFO  : BeanFactory id=e8c548ff-03c6-3d0e-b304-4271003107e9
2023-03-28 14:49:02 [restartedMain] INFO  : Tomcat initialized with port(s): 4001 (http)
2023-03-28 14:49:02 [restartedMain] INFO  : Initializing ProtocolHandler ["http-nio-4001"]
2023-03-28 14:49:02 [restartedMain] INFO  : Starting service [Tomcat]
2023-03-28 14:49:02 [restartedMain] INFO  : Starting Servlet engine: [Apache Tomcat/10.1.4]
2023-03-28 14:49:02 [restartedMain] INFO  : Initializing Spring embedded WebApplicationContext
2023-03-28 14:49:02 [restartedMain] INFO  : Root WebApplicationContext: initialization completed in 418 ms
2023-03-28 14:49:02 [restartedMain] INFO  : HHH000204: Processing PersistenceUnitInfo [name: default]
2023-03-28 14:49:02 [restartedMain] WARN  : HHH90000021: Encountered deprecated setting [javax.persistence.sharedCache.mode], use [jakarta.persistence.sharedCache.mode] instead
2023-03-28 14:49:02 [restartedMain] INFO  : HikariPool-3 - Starting...
2023-03-28 14:49:02 [restartedMain] INFO  : HikariPool-3 - Added connection com.mysql.cj.jdbc.ConnectionImpl@99c7f64
2023-03-28 14:49:02 [restartedMain] INFO  : HikariPool-3 - Start completed.
2023-03-28 14:49:02 [restartedMain] INFO  : HHH000400: Using dialect: org.hibernate.dialect.MySQL5Dialect
2023-03-28 14:49:02 [restartedMain] WARN  : HHH90000026: MySQL5Dialect has been deprecated; use org.hibernate.dialect.MySQLDialect instead
2023-03-28 14:49:02 [restartedMain] INFO  : HHH000490: Using JtaPlatform implementation: [org.hibernate.engine.transaction.jta.platform.internal.NoJtaPlatform]
2023-03-28 14:49:02 [restartedMain] INFO  : Initialized JPA EntityManagerFactory for persistence unit 'default'
2023-03-28 14:49:02 [restartedMain] WARN  : Exception encountered during context initialization - cancelling refresh attempt: org.springframework.beans.factory.BeanCreationException: Error creating bean with name 'farmerInfoFarmerDetailsService' defined in file [C:\Java_Workspace\KishanProjRepository\Farmer-Service\target\classes\com\ust\kishon\config\FarmerInfoFarmerDetailsService.class]: Failed to instantiate [com.ust.kishon.config.FarmerInfoFarmerDetailsService]: Constructor threw exception
2023-03-28 14:49:02 [restartedMain] INFO  : Closing JPA EntityManagerFactory for persistence unit 'default'
2023-03-28 14:49:02 [restartedMain] INFO  : HikariPool-3 - Shutdown initiated...
2023-03-28 14:49:02 [restartedMain] INFO  : HikariPool-3 - Shutdown completed.
2023-03-28 14:49:02 [restartedMain] INFO  : Stopping service [Tomcat]
2023-03-28 14:49:02 [restartedMain] INFO  : 

Error starting ApplicationContext. To display the condition evaluation report re-run your application with 'debug' enabled.
2023-03-28 14:49:02 [restartedMain] ERROR : Application run failed
org.springframework.beans.factory.BeanCreationException: Error creating bean with name 'farmerInfoFarmerDetailsService' defined in file [C:\Java_Workspace\KishanProjRepository\Farmer-Service\target\classes\com\ust\kishon\config\FarmerInfoFarmerDetailsService.class]: Failed to instantiate [com.ust.kishon.config.FarmerInfoFarmerDetailsService]: Constructor threw exception
	at org.springframework.beans.factory.support.AbstractAutowireCapableBeanFactory.instantiateBean(AbstractAutowireCapableBeanFactory.java:1306)
	at org.springframework.beans.factory.support.AbstractAutowireCapableBeanFactory.createBeanInstance(AbstractAutowireCapableBeanFactory.java:1198)
	at org.springframework.beans.factory.support.AbstractAutowireCapableBeanFactory.doCreateBean(AbstractAutowireCapableBeanFactory.java:561)
	at org.springframework.beans.factory.support.AbstractAutowireCapableBeanFactory.createBean(AbstractAutowireCapableBeanFactory.java:521)
	at org.springframework.beans.factory.support.AbstractBeanFactory.lambda$doGetBean$0(AbstractBeanFactory.java:326)
	at org.springframework.beans.factory.support.DefaultSingletonBeanRegistry.getSingleton(DefaultSingletonBeanRegistry.java:234)
	at org.springframework.beans.factory.support.AbstractBeanFactory.doGetBean(AbstractBeanFactory.java:324)
	at org.springframework.beans.factory.support.AbstractBeanFactory.getBean(AbstractBeanFactory.java:200)
	at org.springframework.beans.factory.support.DefaultListableBeanFactory.preInstantiateSingletons(DefaultListableBeanFactory.java:961)
	at org.springframework.context.support.AbstractApplicationContext.finishBeanFactoryInitialization(AbstractApplicationContext.java:915)
	at org.springframework.context.support.AbstractApplicationContext.refresh(AbstractApplicationContext.java:584)
	at org.springframework.boot.web.servlet.context.ServletWebServerApplicationContext.refresh(ServletWebServerApplicationContext.java:146)
	at org.springframework.boot.SpringApplication.refresh(SpringApplication.java:730)
	at org.springframework.boot.SpringApplication.refreshContext(SpringApplication.java:432)
	at org.springframework.boot.SpringApplication.run(SpringApplication.java:308)
	at org.springframework.boot.SpringApplication.run(SpringApplication.java:1302)
	at org.springframework.boot.SpringApplication.run(SpringApplication.java:1291)
	at com.ust.kishon.FarmerServiceApplication.main(FarmerServiceApplication.java:13)
	at java.base/jdk.internal.reflect.NativeMethodAccessorImpl.invoke0(Native Method)
	at java.base/jdk.internal.reflect.NativeMethodAccessorImpl.invoke(NativeMethodAccessorImpl.java:77)
	at java.base/jdk.internal.reflect.DelegatingMethodAccessorImpl.invoke(DelegatingMethodAccessorImpl.java:43)
	at java.base/java.lang.reflect.Method.invoke(Method.java:568)
	at org.springframework.boot.devtools.restart.RestartLauncher.run(RestartLauncher.java:49)
Caused by: org.springframework.beans.BeanInstantiationException: Failed to instantiate [com.ust.kishon.config.FarmerInfoFarmerDetailsService]: Constructor threw exception
	at org.springframework.beans.BeanUtils.instantiateClass(BeanUtils.java:223)
	at org.springframework.beans.factory.support.SimpleInstantiationStrategy.instantiate(SimpleInstantiationStrategy.java:87)
	at org.springframework.beans.factory.support.AbstractAutowireCapableBeanFactory.instantiateBean(AbstractAutowireCapableBeanFactory.java:1300)
	... 22 common frames omitted
Caused by: java.lang.Error: Unresolved compilation problems: 
	The method loadUserByUsername(String) of type FarmerInfoFarmerDetailsService must override a superclass method
	Type mismatch: cannot convert from Object to UserDetails
	Constructor references are allowed only at source level 1.8 or above
	Lambda expressions are allowed only at source level 1.8 or above
	Cannot refer to the non-final local variable username defined in an enclosing scope

	at com.ust.kishon.config.FarmerInfoFarmerDetailsService.<init>(FarmerInfoFarmerDetailsService.java:20)
	at java.base/jdk.internal.reflect.NativeConstructorAccessorImpl.newInstance0(Native Method)
	at java.base/jdk.internal.reflect.NativeConstructorAccessorImpl.newInstance(NativeConstructorAccessorImpl.java:77)
	at java.base/jdk.internal.reflect.DelegatingConstructorAccessorImpl.newInstance(DelegatingConstructorAccessorImpl.java:45)
	at java.base/java.lang.reflect.Constructor.newInstanceWithCaller(Constructor.java:499)
	at java.base/java.lang.reflect.Constructor.newInstance(Constructor.java:480)
	at org.springframework.beans.BeanUtils.instantiateClass(BeanUtils.java:197)
	... 24 common frames omitted
2023-03-28 14:49:25 [restartedMain] INFO  : Starting FarmerServiceApplication using Java 17.0.1 with PID 7164 (C:\Java_Workspace\KishanProjRepository\Farmer-Service\target\classes started by 233107 in C:\Java_Workspace\KishanProjRepository\Farmer-Service)
2023-03-28 14:49:25 [restartedMain] INFO  : No active profile set, falling back to 1 default profile: "default"
2023-03-28 14:49:25 [restartedMain] INFO  : Bootstrapping Spring Data JPA repositories in DEFAULT mode.
2023-03-28 14:49:25 [restartedMain] INFO  : Finished Spring Data repository scanning in 23 ms. Found 2 JPA repository interfaces.
2023-03-28 14:49:25 [restartedMain] INFO  : BeanFactory id=e8c548ff-03c6-3d0e-b304-4271003107e9
2023-03-28 14:49:25 [restartedMain] INFO  : Tomcat initialized with port(s): 4001 (http)
2023-03-28 14:49:25 [restartedMain] INFO  : Starting service [Tomcat]
2023-03-28 14:49:25 [restartedMain] INFO  : Starting Servlet engine: [Apache Tomcat/10.1.4]
2023-03-28 14:49:25 [restartedMain] INFO  : Initializing Spring embedded WebApplicationContext
2023-03-28 14:49:25 [restartedMain] INFO  : Root WebApplicationContext: initialization completed in 514 ms
2023-03-28 14:49:25 [restartedMain] INFO  : HHH000204: Processing PersistenceUnitInfo [name: default]
2023-03-28 14:49:26 [restartedMain] WARN  : HHH90000021: Encountered deprecated setting [javax.persistence.sharedCache.mode], use [jakarta.persistence.sharedCache.mode] instead
2023-03-28 14:49:26 [restartedMain] INFO  : HikariPool-4 - Starting...
2023-03-28 14:49:26 [restartedMain] INFO  : HikariPool-4 - Added connection com.mysql.cj.jdbc.ConnectionImpl@34ffba9c
2023-03-28 14:49:26 [restartedMain] INFO  : HikariPool-4 - Start completed.
2023-03-28 14:49:26 [restartedMain] INFO  : HHH000400: Using dialect: org.hibernate.dialect.MySQL5Dialect
2023-03-28 14:49:26 [restartedMain] WARN  : HHH90000026: MySQL5Dialect has been deprecated; use org.hibernate.dialect.MySQLDialect instead
2023-03-28 14:49:26 [restartedMain] INFO  : HHH000490: Using JtaPlatform implementation: [org.hibernate.engine.transaction.jta.platform.internal.NoJtaPlatform]
2023-03-28 14:49:26 [restartedMain] INFO  : Initialized JPA EntityManagerFactory for persistence unit 'default'
2023-03-28 14:49:26 [restartedMain] WARN  : Exception encountered during context initialization - cancelling refresh attempt: org.springframework.beans.factory.BeanCreationException: Error creating bean with name 'farmerInfoFarmerDetailsService' defined in file [C:\Java_Workspace\KishanProjRepository\Farmer-Service\target\classes\com\ust\kishon\config\FarmerInfoFarmerDetailsService.class]: Failed to instantiate [com.ust.kishon.config.FarmerInfoFarmerDetailsService]: Constructor threw exception
2023-03-28 14:49:26 [restartedMain] INFO  : Closing JPA EntityManagerFactory for persistence unit 'default'
2023-03-28 14:49:26 [restartedMain] INFO  : HikariPool-4 - Shutdown initiated...
2023-03-28 14:49:26 [restartedMain] INFO  : HikariPool-4 - Shutdown completed.
2023-03-28 14:49:26 [restartedMain] INFO  : Stopping service [Tomcat]
2023-03-28 14:49:26 [restartedMain] INFO  : 

Error starting ApplicationContext. To display the condition evaluation report re-run your application with 'debug' enabled.
2023-03-28 14:49:26 [restartedMain] ERROR : Application run failed
org.springframework.beans.factory.BeanCreationException: Error creating bean with name 'farmerInfoFarmerDetailsService' defined in file [C:\Java_Workspace\KishanProjRepository\Farmer-Service\target\classes\com\ust\kishon\config\FarmerInfoFarmerDetailsService.class]: Failed to instantiate [com.ust.kishon.config.FarmerInfoFarmerDetailsService]: Constructor threw exception
	at org.springframework.beans.factory.support.AbstractAutowireCapableBeanFactory.instantiateBean(AbstractAutowireCapableBeanFactory.java:1306)
	at org.springframework.beans.factory.support.AbstractAutowireCapableBeanFactory.createBeanInstance(AbstractAutowireCapableBeanFactory.java:1198)
	at org.springframework.beans.factory.support.AbstractAutowireCapableBeanFactory.doCreateBean(AbstractAutowireCapableBeanFactory.java:561)
	at org.springframework.beans.factory.support.AbstractAutowireCapableBeanFactory.createBean(AbstractAutowireCapableBeanFactory.java:521)
	at org.springframework.beans.factory.support.AbstractBeanFactory.lambda$doGetBean$0(AbstractBeanFactory.java:326)
	at org.springframework.beans.factory.support.DefaultSingletonBeanRegistry.getSingleton(DefaultSingletonBeanRegistry.java:234)
	at org.springframework.beans.factory.support.AbstractBeanFactory.doGetBean(AbstractBeanFactory.java:324)
	at org.springframework.beans.factory.support.AbstractBeanFactory.getBean(AbstractBeanFactory.java:200)
	at org.springframework.beans.factory.support.DefaultListableBeanFactory.preInstantiateSingletons(DefaultListableBeanFactory.java:961)
	at org.springframework.context.support.AbstractApplicationContext.finishBeanFactoryInitialization(AbstractApplicationContext.java:915)
	at org.springframework.context.support.AbstractApplicationContext.refresh(AbstractApplicationContext.java:584)
	at org.springframework.boot.web.servlet.context.ServletWebServerApplicationContext.refresh(ServletWebServerApplicationContext.java:146)
	at org.springframework.boot.SpringApplication.refresh(SpringApplication.java:730)
	at org.springframework.boot.SpringApplication.refreshContext(SpringApplication.java:432)
	at org.springframework.boot.SpringApplication.run(SpringApplication.java:308)
	at org.springframework.boot.SpringApplication.run(SpringApplication.java:1302)
	at org.springframework.boot.SpringApplication.run(SpringApplication.java:1291)
	at com.ust.kishon.FarmerServiceApplication.main(FarmerServiceApplication.java:13)
	at java.base/jdk.internal.reflect.NativeMethodAccessorImpl.invoke0(Native Method)
	at java.base/jdk.internal.reflect.NativeMethodAccessorImpl.invoke(NativeMethodAccessorImpl.java:77)
	at java.base/jdk.internal.reflect.DelegatingMethodAccessorImpl.invoke(DelegatingMethodAccessorImpl.java:43)
	at java.base/java.lang.reflect.Method.invoke(Method.java:568)
	at org.springframework.boot.devtools.restart.RestartLauncher.run(RestartLauncher.java:49)
Caused by: org.springframework.beans.BeanInstantiationException: Failed to instantiate [com.ust.kishon.config.FarmerInfoFarmerDetailsService]: Constructor threw exception
	at org.springframework.beans.BeanUtils.instantiateClass(BeanUtils.java:223)
	at org.springframework.beans.factory.support.SimpleInstantiationStrategy.instantiate(SimpleInstantiationStrategy.java:87)
	at org.springframework.beans.factory.support.AbstractAutowireCapableBeanFactory.instantiateBean(AbstractAutowireCapableBeanFactory.java:1300)
	... 22 common frames omitted
Caused by: java.lang.Error: Unresolved compilation problems: 
	The method loadUserByUsername(String) of type FarmerInfoFarmerDetailsService must override a superclass method
	Type mismatch: cannot convert from Object to UserDetails
	Constructor references are allowed only at source level 1.8 or above
	Lambda expressions are allowed only at source level 1.8 or above
	Cannot refer to the non-final local variable username defined in an enclosing scope

	at com.ust.kishon.config.FarmerInfoFarmerDetailsService.<init>(FarmerInfoFarmerDetailsService.java:20)
	at java.base/jdk.internal.reflect.NativeConstructorAccessorImpl.newInstance0(Native Method)
	at java.base/jdk.internal.reflect.NativeConstructorAccessorImpl.newInstance(NativeConstructorAccessorImpl.java:77)
	at java.base/jdk.internal.reflect.DelegatingConstructorAccessorImpl.newInstance(DelegatingConstructorAccessorImpl.java:45)
	at java.base/java.lang.reflect.Constructor.newInstanceWithCaller(Constructor.java:499)
	at java.base/java.lang.reflect.Constructor.newInstance(Constructor.java:480)
	at org.springframework.beans.BeanUtils.instantiateClass(BeanUtils.java:197)
	... 24 common frames omitted
2023-03-28 14:49:27 [restartedMain] INFO  : Starting FarmerServiceApplication using Java 17.0.1 with PID 7164 (C:\Java_Workspace\KishanProjRepository\Farmer-Service\target\classes started by 233107 in C:\Java_Workspace\KishanProjRepository\Farmer-Service)
2023-03-28 14:49:27 [restartedMain] INFO  : No active profile set, falling back to 1 default profile: "default"
2023-03-28 14:49:28 [restartedMain] INFO  : Bootstrapping Spring Data JPA repositories in DEFAULT mode.
2023-03-28 14:49:28 [restartedMain] INFO  : Finished Spring Data repository scanning in 11 ms. Found 2 JPA repository interfaces.
2023-03-28 14:49:28 [restartedMain] INFO  : BeanFactory id=e8c548ff-03c6-3d0e-b304-4271003107e9
2023-03-28 14:49:28 [restartedMain] INFO  : Tomcat initialized with port(s): 4001 (http)
2023-03-28 14:49:28 [restartedMain] INFO  : Starting service [Tomcat]
2023-03-28 14:49:28 [restartedMain] INFO  : Starting Servlet engine: [Apache Tomcat/10.1.4]
2023-03-28 14:49:28 [restartedMain] INFO  : Initializing Spring embedded WebApplicationContext
2023-03-28 14:49:28 [restartedMain] INFO  : Root WebApplicationContext: initialization completed in 509 ms
2023-03-28 14:49:28 [restartedMain] INFO  : HHH000204: Processing PersistenceUnitInfo [name: default]
2023-03-28 14:49:28 [restartedMain] WARN  : HHH90000021: Encountered deprecated setting [javax.persistence.sharedCache.mode], use [jakarta.persistence.sharedCache.mode] instead
2023-03-28 14:49:28 [restartedMain] INFO  : HikariPool-5 - Starting...
2023-03-28 14:49:28 [restartedMain] INFO  : HikariPool-5 - Added connection com.mysql.cj.jdbc.ConnectionImpl@51266a6d
2023-03-28 14:49:28 [restartedMain] INFO  : HikariPool-5 - Start completed.
2023-03-28 14:49:28 [restartedMain] INFO  : HHH000400: Using dialect: org.hibernate.dialect.MySQL5Dialect
2023-03-28 14:49:28 [restartedMain] WARN  : HHH90000026: MySQL5Dialect has been deprecated; use org.hibernate.dialect.MySQLDialect instead
2023-03-28 14:49:28 [restartedMain] INFO  : HHH000490: Using JtaPlatform implementation: [org.hibernate.engine.transaction.jta.platform.internal.NoJtaPlatform]
2023-03-28 14:49:28 [restartedMain] INFO  : Initialized JPA EntityManagerFactory for persistence unit 'default'
2023-03-28 14:49:28 [restartedMain] WARN  : Exception encountered during context initialization - cancelling refresh attempt: org.springframework.beans.factory.BeanCreationException: Error creating bean with name 'farmerInfoFarmerDetailsService' defined in file [C:\Java_Workspace\KishanProjRepository\Farmer-Service\target\classes\com\ust\kishon\config\FarmerInfoFarmerDetailsService.class]: Failed to instantiate [com.ust.kishon.config.FarmerInfoFarmerDetailsService]: Constructor threw exception
2023-03-28 14:49:28 [restartedMain] INFO  : Closing JPA EntityManagerFactory for persistence unit 'default'
2023-03-28 14:49:28 [restartedMain] INFO  : HikariPool-5 - Shutdown initiated...
2023-03-28 14:49:28 [restartedMain] INFO  : HikariPool-5 - Shutdown completed.
2023-03-28 14:49:28 [restartedMain] INFO  : Stopping service [Tomcat]
2023-03-28 14:49:28 [restartedMain] INFO  : 

Error starting ApplicationContext. To display the condition evaluation report re-run your application with 'debug' enabled.
2023-03-28 14:49:28 [restartedMain] ERROR : Application run failed
org.springframework.beans.factory.BeanCreationException: Error creating bean with name 'farmerInfoFarmerDetailsService' defined in file [C:\Java_Workspace\KishanProjRepository\Farmer-Service\target\classes\com\ust\kishon\config\FarmerInfoFarmerDetailsService.class]: Failed to instantiate [com.ust.kishon.config.FarmerInfoFarmerDetailsService]: Constructor threw exception
	at org.springframework.beans.factory.support.AbstractAutowireCapableBeanFactory.instantiateBean(AbstractAutowireCapableBeanFactory.java:1306)
	at org.springframework.beans.factory.support.AbstractAutowireCapableBeanFactory.createBeanInstance(AbstractAutowireCapableBeanFactory.java:1198)
	at org.springframework.beans.factory.support.AbstractAutowireCapableBeanFactory.doCreateBean(AbstractAutowireCapableBeanFactory.java:561)
	at org.springframework.beans.factory.support.AbstractAutowireCapableBeanFactory.createBean(AbstractAutowireCapableBeanFactory.java:521)
	at org.springframework.beans.factory.support.AbstractBeanFactory.lambda$doGetBean$0(AbstractBeanFactory.java:326)
	at org.springframework.beans.factory.support.DefaultSingletonBeanRegistry.getSingleton(DefaultSingletonBeanRegistry.java:234)
	at org.springframework.beans.factory.support.AbstractBeanFactory.doGetBean(AbstractBeanFactory.java:324)
	at org.springframework.beans.factory.support.AbstractBeanFactory.getBean(AbstractBeanFactory.java:200)
	at org.springframework.beans.factory.support.DefaultListableBeanFactory.preInstantiateSingletons(DefaultListableBeanFactory.java:961)
	at org.springframework.context.support.AbstractApplicationContext.finishBeanFactoryInitialization(AbstractApplicationContext.java:915)
	at org.springframework.context.support.AbstractApplicationContext.refresh(AbstractApplicationContext.java:584)
	at org.springframework.boot.web.servlet.context.ServletWebServerApplicationContext.refresh(ServletWebServerApplicationContext.java:146)
	at org.springframework.boot.SpringApplication.refresh(SpringApplication.java:730)
	at org.springframework.boot.SpringApplication.refreshContext(SpringApplication.java:432)
	at org.springframework.boot.SpringApplication.run(SpringApplication.java:308)
	at org.springframework.boot.SpringApplication.run(SpringApplication.java:1302)
	at org.springframework.boot.SpringApplication.run(SpringApplication.java:1291)
	at com.ust.kishon.FarmerServiceApplication.main(FarmerServiceApplication.java:13)
	at java.base/jdk.internal.reflect.NativeMethodAccessorImpl.invoke0(Native Method)
	at java.base/jdk.internal.reflect.NativeMethodAccessorImpl.invoke(NativeMethodAccessorImpl.java:77)
	at java.base/jdk.internal.reflect.DelegatingMethodAccessorImpl.invoke(DelegatingMethodAccessorImpl.java:43)
	at java.base/java.lang.reflect.Method.invoke(Method.java:568)
	at org.springframework.boot.devtools.restart.RestartLauncher.run(RestartLauncher.java:49)
Caused by: org.springframework.beans.BeanInstantiationException: Failed to instantiate [com.ust.kishon.config.FarmerInfoFarmerDetailsService]: Constructor threw exception
	at org.springframework.beans.BeanUtils.instantiateClass(BeanUtils.java:223)
	at org.springframework.beans.factory.support.SimpleInstantiationStrategy.instantiate(SimpleInstantiationStrategy.java:87)
	at org.springframework.beans.factory.support.AbstractAutowireCapableBeanFactory.instantiateBean(AbstractAutowireCapableBeanFactory.java:1300)
	... 22 common frames omitted
Caused by: java.lang.Error: Unresolved compilation problems: 
	The method loadUserByUsername(String) of type FarmerInfoFarmerDetailsService must override a superclass method
	Type mismatch: cannot convert from Object to UserDetails
	Constructor references are allowed only at source level 1.8 or above
	Lambda expressions are allowed only at source level 1.8 or above
	Cannot refer to the non-final local variable username defined in an enclosing scope

	at com.ust.kishon.config.FarmerInfoFarmerDetailsService.<init>(FarmerInfoFarmerDetailsService.java:20)
	at java.base/jdk.internal.reflect.NativeConstructorAccessorImpl.newInstance0(Native Method)
	at java.base/jdk.internal.reflect.NativeConstructorAccessorImpl.newInstance(NativeConstructorAccessorImpl.java:77)
	at java.base/jdk.internal.reflect.DelegatingConstructorAccessorImpl.newInstance(DelegatingConstructorAccessorImpl.java:45)
	at java.base/java.lang.reflect.Constructor.newInstanceWithCaller(Constructor.java:499)
	at java.base/java.lang.reflect.Constructor.newInstance(Constructor.java:480)
	at org.springframework.beans.BeanUtils.instantiateClass(BeanUtils.java:197)
	... 24 common frames omitted
2023-03-28 14:54:09 [background-preinit] INFO  : HV000001: Hibernate Validator 8.0.0.Final
2023-03-28 14:54:09 [restartedMain] INFO  : Starting FarmerServiceApplication using Java 17.0.1 with PID 16080 (C:\Java_Workspace\KishanProjRepository\Farmer-Service\target\classes started by 233107 in C:\Java_Workspace\KishanProjRepository\Farmer-Service)
2023-03-28 14:54:09 [restartedMain] INFO  : No active profile set, falling back to 1 default profile: "default"
2023-03-28 14:54:09 [restartedMain] INFO  : Devtools property defaults active! Set 'spring.devtools.add-properties' to 'false' to disable
2023-03-28 14:54:09 [restartedMain] INFO  : For additional web related logging consider setting the 'logging.level.web' property to 'DEBUG'
2023-03-28 14:54:10 [restartedMain] INFO  : Bootstrapping Spring Data JPA repositories in DEFAULT mode.
2023-03-28 14:54:11 [restartedMain] INFO  : Finished Spring Data repository scanning in 154 ms. Found 2 JPA repository interfaces.
2023-03-28 14:54:11 [restartedMain] INFO  : BeanFactory id=e8c548ff-03c6-3d0e-b304-4271003107e9
2023-03-28 14:54:12 [restartedMain] INFO  : Tomcat initialized with port(s): 4001 (http)
2023-03-28 14:54:12 [restartedMain] INFO  : Initializing ProtocolHandler ["http-nio-4001"]
2023-03-28 14:54:12 [restartedMain] INFO  : Starting service [Tomcat]
2023-03-28 14:54:12 [restartedMain] INFO  : Starting Servlet engine: [Apache Tomcat/10.1.4]
2023-03-28 14:54:12 [restartedMain] INFO  : Initializing Spring embedded WebApplicationContext
2023-03-28 14:54:12 [restartedMain] INFO  : Root WebApplicationContext: initialization completed in 2471 ms
2023-03-28 14:54:12 [restartedMain] INFO  : HHH000204: Processing PersistenceUnitInfo [name: default]
2023-03-28 14:54:12 [restartedMain] INFO  : HHH000412: Hibernate ORM core version 6.1.6.Final
2023-03-28 14:54:12 [restartedMain] WARN  : HHH90000021: Encountered deprecated setting [javax.persistence.sharedCache.mode], use [jakarta.persistence.sharedCache.mode] instead
2023-03-28 14:54:12 [restartedMain] INFO  : HikariPool-1 - Starting...
2023-03-28 14:54:13 [restartedMain] INFO  : HikariPool-1 - Added connection com.mysql.cj.jdbc.ConnectionImpl@103163a4
2023-03-28 14:54:13 [restartedMain] INFO  : HikariPool-1 - Start completed.
2023-03-28 14:54:13 [restartedMain] INFO  : HHH000400: Using dialect: org.hibernate.dialect.MySQL5Dialect
2023-03-28 14:54:13 [restartedMain] WARN  : HHH90000026: MySQL5Dialect has been deprecated; use org.hibernate.dialect.MySQLDialect instead
2023-03-28 14:54:14 [restartedMain] INFO  : HHH000490: Using JtaPlatform implementation: [org.hibernate.engine.transaction.jta.platform.internal.NoJtaPlatform]
2023-03-28 14:54:14 [restartedMain] INFO  : Initialized JPA EntityManagerFactory for persistence unit 'default'
2023-03-28 14:54:14 [restartedMain] WARN  : spring.jpa.open-in-view is enabled by default. Therefore, database queries may be performed during view rendering. Explicitly configure spring.jpa.open-in-view to disable this warning
2023-03-28 14:54:14 [restartedMain] INFO  : Will secure any request with [org.springframework.security.web.session.DisableEncodeUrlFilter@45d5a249, org.springframework.security.web.context.request.async.WebAsyncManagerIntegrationFilter@6c8a1994, org.springframework.security.web.context.SecurityContextHolderFilter@3fc7c2fb, org.springframework.security.web.header.HeaderWriterFilter@3ad71375, org.springframework.security.web.authentication.logout.LogoutFilter@784f083e, org.springframework.security.web.savedrequest.RequestCacheAwareFilter@92e0ed9, org.springframework.security.web.servletapi.SecurityContextHolderAwareRequestFilter@7d530b86, org.springframework.security.web.authentication.AnonymousAuthenticationFilter@3592bec9, org.springframework.security.web.access.ExceptionTranslationFilter@3baa1e86]
2023-03-28 14:54:16 [restartedMain] INFO  : LiveReload server is running on port 35729
2023-03-28 14:54:16 [restartedMain] INFO  : Eureka HTTP Client uses RestTemplate.
2023-03-28 14:54:16 [restartedMain] WARN  : Spring Cloud LoadBalancer is currently working with the default cache. While this cache implementation is useful for development and tests, it's recommended to use Caffeine cache in production.You can switch to using Caffeine cache, by adding it and org.springframework.cache.caffeine.CaffeineCacheManager to the classpath.
2023-03-28 14:54:16 [restartedMain] INFO  : Setting initial instance status as: STARTING
2023-03-28 14:54:16 [restartedMain] INFO  : Initializing Eureka in region us-east-1
2023-03-28 14:54:16 [restartedMain] INFO  : Resolving eureka endpoints via configuration
2023-03-28 14:54:16 [restartedMain] INFO  : Disable delta property : false
2023-03-28 14:54:16 [restartedMain] INFO  : Single vip registry refresh property : null
2023-03-28 14:54:16 [restartedMain] INFO  : Force full registry fetch : false
2023-03-28 14:54:16 [restartedMain] INFO  : Application is null : false
2023-03-28 14:54:16 [restartedMain] INFO  : Registered Applications size is zero : true
2023-03-28 14:54:16 [restartedMain] INFO  : Application version is -1: true
2023-03-28 14:54:16 [restartedMain] INFO  : Getting all instance registry info from the eureka server
2023-03-28 14:54:17 [restartedMain] INFO  : The response status is 200
2023-03-28 14:54:17 [restartedMain] INFO  : Starting heartbeat executor: renew interval is: 30
2023-03-28 14:54:17 [restartedMain] INFO  : InstanceInfoReplicator onDemand update allowed rate per min is 4
2023-03-28 14:54:17 [restartedMain] INFO  : Discovery Client initialized at timestamp 1679995457254 with initial instances count: 0
2023-03-28 14:54:17 [restartedMain] INFO  : Registering application FARMER-SERVICE with eureka with status UP
2023-03-28 14:54:17 [restartedMain] INFO  : Saw local status change event StatusChangeEvent [timestamp=1679995457260, current=UP, previous=STARTING]
2023-03-28 14:54:17 [DiscoveryClient-InstanceInfoReplicator-0] INFO  : DiscoveryClient_FARMER-SERVICE/C877LMAA.ustr.com:FARMER-SERVICE:4001: registering service...
2023-03-28 14:54:17 [restartedMain] INFO  : Starting ProtocolHandler ["http-nio-4001"]
2023-03-28 14:54:17 [restartedMain] INFO  : Tomcat started on port(s): 4001 (http) with context path ''
2023-03-28 14:54:17 [restartedMain] INFO  : Updating port to 4001
2023-03-28 14:54:17 [DiscoveryClient-InstanceInfoReplicator-0] INFO  : DiscoveryClient_FARMER-SERVICE/C877LMAA.ustr.com:FARMER-SERVICE:4001 - registration status: 204
2023-03-28 14:54:17 [restartedMain] INFO  : Started FarmerServiceApplication in 8.643 seconds (process running for 9.439)
2023-03-28 14:54:47 [DiscoveryClient-CacheRefreshExecutor-0] INFO  : Disable delta property : false
2023-03-28 14:54:47 [DiscoveryClient-CacheRefreshExecutor-0] INFO  : Single vip registry refresh property : null
2023-03-28 14:54:47 [DiscoveryClient-CacheRefreshExecutor-0] INFO  : Force full registry fetch : false
2023-03-28 14:54:47 [DiscoveryClient-CacheRefreshExecutor-0] INFO  : Application is null : false
2023-03-28 14:54:47 [DiscoveryClient-CacheRefreshExecutor-0] INFO  : Registered Applications size is zero : true
2023-03-28 14:54:47 [DiscoveryClient-CacheRefreshExecutor-0] INFO  : Application version is -1: false
2023-03-28 14:54:47 [DiscoveryClient-CacheRefreshExecutor-0] INFO  : Getting all instance registry info from the eureka server
2023-03-28 14:54:47 [DiscoveryClient-CacheRefreshExecutor-0] INFO  : The response status is 200
2023-03-28 14:59:16 [AsyncResolver-bootstrap-executor-0] INFO  : Resolving eureka endpoints via configuration
2023-03-28 15:04:16 [AsyncResolver-bootstrap-executor-0] INFO  : Resolving eureka endpoints via configuration
2023-03-28 15:09:16 [AsyncResolver-bootstrap-executor-0] INFO  : Resolving eureka endpoints via configuration
2023-03-28 15:14:16 [AsyncResolver-bootstrap-executor-0] INFO  : Resolving eureka endpoints via configuration
2023-03-28 15:19:16 [AsyncResolver-bootstrap-executor-0] INFO  : Resolving eureka endpoints via configuration
2023-03-28 15:23:27 [http-nio-4001-exec-1] INFO  : Initializing Spring DispatcherServlet 'dispatcherServlet'
2023-03-28 15:23:27 [http-nio-4001-exec-1] INFO  : Initializing Servlet 'dispatcherServlet'
2023-03-28 15:23:27 [http-nio-4001-exec-1] INFO  : Completed initialization in 2 ms
2023-03-28 15:23:27 [http-nio-4001-exec-1] INFO  : Inside the FarmerService and getfarmerById Method
2023-03-28 15:23:28 [http-nio-4001-exec-2] INFO  : Inside the ProductService and getProductById Method
2023-03-28 15:23:28 [http-nio-4001-exec-3] INFO  : Inside the ProductService and getProductById Method
2023-03-28 15:24:17 [AsyncResolver-bootstrap-executor-0] INFO  : Resolving eureka endpoints via configuration
2023-03-28 15:26:25 [http-nio-4001-exec-5] INFO  : Inside the FarmerService and getfarmerById Method
2023-03-28 15:26:25 [http-nio-4001-exec-6] INFO  : Inside the ProductService and getProductById Method
2023-03-28 15:26:25 [http-nio-4001-exec-7] INFO  : Inside the ProductService and getProductById Method
2023-03-28 15:26:32 [http-nio-4001-exec-9] INFO  : Inside the ProductService and getProductProduct Method
2023-03-28 15:28:24 [http-nio-4001-exec-10] INFO  : Inside the FarmerService and getfarmerById Method
2023-03-28 15:28:24 [http-nio-4001-exec-1] INFO  : Inside the ProductService and getProductById Method
2023-03-28 15:28:24 [http-nio-4001-exec-2] INFO  : Inside the ProductService and getProductById Method
2023-03-28 15:28:31 [http-nio-4001-exec-3] INFO  : Inside the ProductService and getProductById Method
2023-03-28 15:29:17 [AsyncResolver-bootstrap-executor-0] INFO  : Resolving eureka endpoints via configuration
2023-03-28 15:34:15 [http-nio-4001-exec-5] INFO  : Inside the FarmerService and getfarmerById Method
2023-03-28 15:34:15 [http-nio-4001-exec-6] INFO  : Inside the ProductService and getProductById Method
2023-03-28 15:34:15 [http-nio-4001-exec-7] INFO  : Inside the ProductService and getProductById Method
2023-03-28 15:34:17 [AsyncResolver-bootstrap-executor-0] INFO  : Resolving eureka endpoints via configuration
2023-03-28 15:34:23 [http-nio-4001-exec-9] INFO  : Inside the ProductService and getProductById Method
2023-03-28 15:34:23 [http-nio-4001-exec-8] INFO  : Inside the ProductService and getProductById Method
2023-03-28 15:39:17 [AsyncResolver-bootstrap-executor-0] INFO  : Resolving eureka endpoints via configuration
2023-03-28 15:44:17 [AsyncResolver-bootstrap-executor-0] INFO  : Resolving eureka endpoints via configuration
2023-03-28 15:49:17 [AsyncResolver-bootstrap-executor-0] INFO  : Resolving eureka endpoints via configuration
2023-03-28 19:37:15 [HikariPool-1 housekeeper] WARN  : HikariPool-1 - Thread starvation or clock leap detected (housekeeper delta=3h47m31s259ms306µs600ns).
2023-03-28 19:41:18 [AsyncResolver-bootstrap-executor-0] INFO  : Resolving eureka endpoints via configuration
