2023-02-03 09:02:41 [AsyncResolver-bootstrap-executor-0] INFO  : Resolving eureka endpoints via configuration
2023-02-03 09:07:41 [AsyncResolver-bootstrap-executor-0] INFO  : Resolving eureka endpoints via configuration
2023-02-03 09:12:41 [AsyncResolver-bootstrap-executor-0] INFO  : Resolving eureka endpoints via configuration
2023-02-03 09:17:41 [AsyncResolver-bootstrap-executor-0] INFO  : Resolving eureka endpoints via configuration
2023-02-03 09:22:41 [AsyncResolver-bootstrap-executor-0] INFO  : Resolving eureka endpoints via configuration
2023-02-03 09:27:41 [AsyncResolver-bootstrap-executor-0] INFO  : Resolving eureka endpoints via configuration
2023-02-03 09:32:41 [AsyncResolver-bootstrap-executor-0] INFO  : Resolving eureka endpoints via configuration
2023-02-03 09:37:41 [AsyncResolver-bootstrap-executor-0] INFO  : Resolving eureka endpoints via configuration
2023-02-03 09:39:53 [http-nio-4001-exec-2] INFO  : Initializing Spring DispatcherServlet 'dispatcherServlet'
2023-02-03 09:39:53 [http-nio-4001-exec-2] INFO  : Initializing Servlet 'dispatcherServlet'
2023-02-03 09:39:53 [http-nio-4001-exec-2] INFO  : Completed initialization in 332 ms
2023-02-03 09:40:13 [SpringApplicationShutdownHook] INFO  : Unregistering application FARMER-SERVICE with eureka with status DOWN
2023-02-03 09:40:13 [SpringApplicationShutdownHook] INFO  : Saw local status change event StatusChangeEvent [timestamp=1675397413999, current=DOWN, previous=UP]
2023-02-03 09:40:14 [DiscoveryClient-InstanceInfoReplicator-0] INFO  : DiscoveryClient_FARMER-SERVICE/host.docker.internal:FARMER-SERVICE:4001: registering service...
2023-02-03 09:40:14 [DiscoveryClient-InstanceInfoReplicator-0] INFO  : DiscoveryClient_FARMER-SERVICE/host.docker.internal:FARMER-SERVICE:4001 - registration status: 204
2023-02-03 09:40:14 [SpringApplicationShutdownHook] INFO  : Closing JPA EntityManagerFactory for persistence unit 'default'
2023-02-03 09:40:14 [SpringApplicationShutdownHook] INFO  : HikariPool-1 - Shutdown initiated...
2023-02-03 09:40:14 [SpringApplicationShutdownHook] INFO  : HikariPool-1 - Shutdown completed.
2023-02-03 09:40:14 [SpringApplicationShutdownHook] INFO  : Shutting down DiscoveryClient ...
2023-02-03 09:40:17 [SpringApplicationShutdownHook] INFO  : Unregistering ...
2023-02-03 09:40:17 [SpringApplicationShutdownHook] INFO  : DiscoveryClient_FARMER-SERVICE/host.docker.internal:FARMER-SERVICE:4001 - deregister  status: 200
2023-02-03 09:40:17 [SpringApplicationShutdownHook] INFO  : Completed shut down of DiscoveryClient
2023-02-03 09:40:25 [background-preinit] INFO  : HV000001: Hibernate Validator 8.0.0.Final
2023-02-03 09:40:25 [restartedMain] INFO  : Starting FarmerServiceApplication using Java 17.0.5 with PID 72 (E:\Kishon Project\FinalProjectv4\Farmer-Service\target\classes started by ustjavafsdb415 in E:\Kishon Project\FinalProjectv4\Farmer-Service)
2023-02-03 09:40:25 [restartedMain] INFO  : No active profile set, falling back to 1 default profile: "default"
2023-02-03 09:40:26 [restartedMain] INFO  : Devtools property defaults active! Set 'spring.devtools.add-properties' to 'false' to disable
2023-02-03 09:40:26 [restartedMain] INFO  : For additional web related logging consider setting the 'logging.level.web' property to 'DEBUG'
2023-02-03 09:40:27 [restartedMain] INFO  : Bootstrapping Spring Data JPA repositories in DEFAULT mode.
2023-02-03 09:40:28 [restartedMain] INFO  : Finished Spring Data repository scanning in 289 ms. Found 2 JPA repository interfaces.
2023-02-03 09:40:29 [restartedMain] INFO  : BeanFactory id=e8c548ff-03c6-3d0e-b304-4271003107e9
2023-02-03 09:40:30 [restartedMain] INFO  : Tomcat initialized with port(s): 4001 (http)
2023-02-03 09:40:30 [restartedMain] INFO  : Initializing ProtocolHandler ["http-nio-4001"]
2023-02-03 09:40:30 [restartedMain] INFO  : Starting service [Tomcat]
2023-02-03 09:40:30 [restartedMain] INFO  : Starting Servlet engine: [Apache Tomcat/10.1.4]
2023-02-03 09:40:30 [restartedMain] INFO  : Initializing Spring embedded WebApplicationContext
2023-02-03 09:40:30 [restartedMain] INFO  : Root WebApplicationContext: initialization completed in 4831 ms
2023-02-03 09:40:31 [restartedMain] INFO  : HHH000204: Processing PersistenceUnitInfo [name: default]
2023-02-03 09:40:31 [restartedMain] INFO  : HHH000412: Hibernate ORM core version 6.1.6.Final
2023-02-03 09:40:31 [restartedMain] WARN  : HHH90000021: Encountered deprecated setting [javax.persistence.sharedCache.mode], use [jakarta.persistence.sharedCache.mode] instead
2023-02-03 09:40:31 [restartedMain] INFO  : HikariPool-1 - Starting...
2023-02-03 09:40:32 [restartedMain] INFO  : HikariPool-1 - Added connection com.mysql.cj.jdbc.ConnectionImpl@19f610b8
2023-02-03 09:40:32 [restartedMain] INFO  : HikariPool-1 - Start completed.
2023-02-03 09:40:32 [restartedMain] INFO  : HHH000400: Using dialect: org.hibernate.dialect.MySQL5Dialect
2023-02-03 09:40:32 [restartedMain] WARN  : HHH90000026: MySQL5Dialect has been deprecated; use org.hibernate.dialect.MySQLDialect instead
2023-02-03 09:40:35 [restartedMain] INFO  : HHH000490: Using JtaPlatform implementation: [org.hibernate.engine.transaction.jta.platform.internal.NoJtaPlatform]
2023-02-03 09:40:35 [restartedMain] INFO  : Initialized JPA EntityManagerFactory for persistence unit 'default'
2023-02-03 09:40:36 [restartedMain] WARN  : spring.jpa.open-in-view is enabled by default. Therefore, database queries may be performed during view rendering. Explicitly configure spring.jpa.open-in-view to disable this warning
2023-02-03 09:40:36 [restartedMain] INFO  : Will secure any request with [org.springframework.security.web.session.DisableEncodeUrlFilter@6a206bd5, org.springframework.security.web.context.request.async.WebAsyncManagerIntegrationFilter@776fe2de, org.springframework.security.web.context.SecurityContextHolderFilter@6d3bc9c9, org.springframework.security.web.header.HeaderWriterFilter@6d7619a3, org.springframework.security.web.authentication.logout.LogoutFilter@37244819, org.springframework.security.web.savedrequest.RequestCacheAwareFilter@27b2bfaf, org.springframework.security.web.servletapi.SecurityContextHolderAwareRequestFilter@3e8d742e, org.springframework.security.web.authentication.AnonymousAuthenticationFilter@2d6241a2, org.springframework.security.web.access.ExceptionTranslationFilter@66c180f9]
2023-02-03 09:40:39 [restartedMain] INFO  : LiveReload server is running on port 35729
2023-02-03 09:40:39 [restartedMain] INFO  : Eureka HTTP Client uses RestTemplate.
2023-02-03 09:40:39 [restartedMain] WARN  : Spring Cloud LoadBalancer is currently working with the default cache. While this cache implementation is useful for development and tests, it's recommended to use Caffeine cache in production.You can switch to using Caffeine cache, by adding it and org.springframework.cache.caffeine.CaffeineCacheManager to the classpath.
2023-02-03 09:40:39 [restartedMain] INFO  : Setting initial instance status as: STARTING
2023-02-03 09:40:39 [restartedMain] INFO  : Initializing Eureka in region us-east-1
2023-02-03 09:40:40 [restartedMain] INFO  : Resolving eureka endpoints via configuration
2023-02-03 09:40:40 [restartedMain] INFO  : Disable delta property : false
2023-02-03 09:40:40 [restartedMain] INFO  : Single vip registry refresh property : null
2023-02-03 09:40:40 [restartedMain] INFO  : Force full registry fetch : false
2023-02-03 09:40:40 [restartedMain] INFO  : Application is null : false
2023-02-03 09:40:40 [restartedMain] INFO  : Registered Applications size is zero : true
2023-02-03 09:40:40 [restartedMain] INFO  : Application version is -1: true
2023-02-03 09:40:40 [restartedMain] INFO  : Getting all instance registry info from the eureka server
2023-02-03 09:40:40 [restartedMain] INFO  : The response status is 200
2023-02-03 09:40:40 [restartedMain] INFO  : Starting heartbeat executor: renew interval is: 30
2023-02-03 09:40:40 [restartedMain] INFO  : InstanceInfoReplicator onDemand update allowed rate per min is 4
2023-02-03 09:40:40 [restartedMain] INFO  : Discovery Client initialized at timestamp 1675397440656 with initial instances count: 5
2023-02-03 09:40:40 [restartedMain] INFO  : Registering application FARMER-SERVICE with eureka with status UP
2023-02-03 09:40:40 [restartedMain] INFO  : Saw local status change event StatusChangeEvent [timestamp=1675397440666, current=UP, previous=STARTING]
2023-02-03 09:40:40 [DiscoveryClient-InstanceInfoReplicator-0] INFO  : DiscoveryClient_FARMER-SERVICE/host.docker.internal:FARMER-SERVICE:4001: registering service...
2023-02-03 09:40:40 [restartedMain] INFO  : Starting ProtocolHandler ["http-nio-4001"]
2023-02-03 09:40:40 [restartedMain] INFO  : Tomcat started on port(s): 4001 (http) with context path ''
2023-02-03 09:40:40 [restartedMain] INFO  : Updating port to 4001
2023-02-03 09:40:40 [DiscoveryClient-InstanceInfoReplicator-0] INFO  : DiscoveryClient_FARMER-SERVICE/host.docker.internal:FARMER-SERVICE:4001 - registration status: 204
2023-02-03 09:40:40 [restartedMain] INFO  : Started FarmerServiceApplication in 16.315 seconds (process running for 18.164)
2023-02-03 09:45:40 [AsyncResolver-bootstrap-executor-0] INFO  : Resolving eureka endpoints via configuration
2023-02-03 09:45:43 [http-nio-4001-exec-1] INFO  : Initializing Spring DispatcherServlet 'dispatcherServlet'
2023-02-03 09:45:43 [http-nio-4001-exec-1] INFO  : Initializing Servlet 'dispatcherServlet'
2023-02-03 09:45:43 [http-nio-4001-exec-1] INFO  : Completed initialization in 2 ms
2023-02-03 09:46:06 [http-nio-4001-exec-3] INFO  : Error parsing HTTP request header
 Note: further occurrences of HTTP request parsing errors will be logged at DEBUG level.
java.lang.IllegalArgumentException: Invalid character found in method name [0x160x030x030x01n0x010x000x01j0x030x03W0x1b0x800xd880x990x8b0x12b0xf00xf40x170xd1=Z0xd2K0x980x940xb7X0xc2B0xc10x91`0x8e0xab0xb7Y}0x7f ]. HTTP method names must be tokens
	at org.apache.coyote.http11.Http11InputBuffer.parseRequestLine(Http11InputBuffer.java:419)
	at org.apache.coyote.http11.Http11Processor.service(Http11Processor.java:272)
	at org.apache.coyote.AbstractProcessorLight.process(AbstractProcessorLight.java:65)
	at org.apache.coyote.AbstractProtocol$ConnectionHandler.process(AbstractProtocol.java:859)
	at org.apache.tomcat.util.net.NioEndpoint$SocketProcessor.doRun(NioEndpoint.java:1734)
	at org.apache.tomcat.util.net.SocketProcessorBase.run(SocketProcessorBase.java:52)
	at org.apache.tomcat.util.threads.ThreadPoolExecutor.runWorker(ThreadPoolExecutor.java:1191)
	at org.apache.tomcat.util.threads.ThreadPoolExecutor$Worker.run(ThreadPoolExecutor.java:659)
	at org.apache.tomcat.util.threads.TaskThread$WrappingRunnable.run(TaskThread.java:61)
	at java.base/java.lang.Thread.run(Thread.java:833)
2023-02-03 09:46:06 [http-nio-4001-exec-4] INFO  : Error parsing HTTP request header
 Note: further occurrences of HTTP request parsing errors will be logged at DEBUG level.
java.lang.IllegalArgumentException: Invalid character found in method name [0x160x030x030x01n0x010x000x01j0x030x030xc80x130xb3@0x0e0x8c0xfa0xed0xcc,1dB.0x030xf470xc40xf9d0x9d?0xb0$0x1e0xe20x820x8b0xc10xb60x176 ]. HTTP method names must be tokens
	at org.apache.coyote.http11.Http11InputBuffer.parseRequestLine(Http11InputBuffer.java:419)
	at org.apache.coyote.http11.Http11Processor.service(Http11Processor.java:272)
	at org.apache.coyote.AbstractProcessorLight.process(AbstractProcessorLight.java:65)
	at org.apache.coyote.AbstractProtocol$ConnectionHandler.process(AbstractProtocol.java:859)
	at org.apache.tomcat.util.net.NioEndpoint$SocketProcessor.doRun(NioEndpoint.java:1734)
	at org.apache.tomcat.util.net.SocketProcessorBase.run(SocketProcessorBase.java:52)
	at org.apache.tomcat.util.threads.ThreadPoolExecutor.runWorker(ThreadPoolExecutor.java:1191)
	at org.apache.tomcat.util.threads.ThreadPoolExecutor$Worker.run(ThreadPoolExecutor.java:659)
	at org.apache.tomcat.util.threads.TaskThread$WrappingRunnable.run(TaskThread.java:61)
	at java.base/java.lang.Thread.run(Thread.java:833)
2023-02-03 09:50:40 [AsyncResolver-bootstrap-executor-0] INFO  : Resolving eureka endpoints via configuration
2023-02-03 09:54:28 [SpringApplicationShutdownHook] INFO  : Unregistering application FARMER-SERVICE with eureka with status DOWN
2023-02-03 09:54:28 [SpringApplicationShutdownHook] INFO  : Saw local status change event StatusChangeEvent [timestamp=1675398268333, current=DOWN, previous=UP]
2023-02-03 09:54:28 [DiscoveryClient-InstanceInfoReplicator-0] INFO  : DiscoveryClient_FARMER-SERVICE/host.docker.internal:FARMER-SERVICE:4001: registering service...
2023-02-03 09:54:28 [DiscoveryClient-InstanceInfoReplicator-0] INFO  : DiscoveryClient_FARMER-SERVICE/host.docker.internal:FARMER-SERVICE:4001 - registration status: 204
2023-02-03 09:54:28 [SpringApplicationShutdownHook] INFO  : Closing JPA EntityManagerFactory for persistence unit 'default'
2023-02-03 09:54:28 [SpringApplicationShutdownHook] INFO  : HikariPool-1 - Shutdown initiated...
2023-02-03 09:54:28 [SpringApplicationShutdownHook] INFO  : HikariPool-1 - Shutdown completed.
2023-02-03 09:54:28 [SpringApplicationShutdownHook] INFO  : Shutting down DiscoveryClient ...
2023-02-03 09:54:31 [SpringApplicationShutdownHook] INFO  : Unregistering ...
2023-02-03 09:54:31 [SpringApplicationShutdownHook] INFO  : DiscoveryClient_FARMER-SERVICE/host.docker.internal:FARMER-SERVICE:4001 - deregister  status: 200
2023-02-03 09:54:31 [SpringApplicationShutdownHook] INFO  : Completed shut down of DiscoveryClient
2023-02-03 09:54:49 [background-preinit] INFO  : HV000001: Hibernate Validator 8.0.0.Final
2023-02-03 09:54:49 [restartedMain] INFO  : Starting FarmerServiceApplication using Java 17.0.5 with PID 11768 (E:\Kishon Project\FinalProjectv4\Farmer-Service\target\classes started by ustjavafsdb415 in E:\Kishon Project\FinalProjectv4\Farmer-Service)
2023-02-03 09:54:49 [restartedMain] INFO  : No active profile set, falling back to 1 default profile: "default"
2023-02-03 09:54:50 [restartedMain] INFO  : Devtools property defaults active! Set 'spring.devtools.add-properties' to 'false' to disable
2023-02-03 09:54:50 [restartedMain] INFO  : For additional web related logging consider setting the 'logging.level.web' property to 'DEBUG'
2023-02-03 09:54:54 [restartedMain] INFO  : Bootstrapping Spring Data JPA repositories in DEFAULT mode.
2023-02-03 09:54:54 [restartedMain] INFO  : Finished Spring Data repository scanning in 348 ms. Found 2 JPA repository interfaces.
2023-02-03 09:54:55 [restartedMain] INFO  : BeanFactory id=e8c548ff-03c6-3d0e-b304-4271003107e9
2023-02-03 09:54:57 [restartedMain] INFO  : Tomcat initialized with port(s): 4001 (http)
2023-02-03 09:54:57 [restartedMain] INFO  : Initializing ProtocolHandler ["http-nio-4001"]
2023-02-03 09:54:57 [restartedMain] INFO  : Starting service [Tomcat]
2023-02-03 09:54:57 [restartedMain] INFO  : Starting Servlet engine: [Apache Tomcat/10.1.4]
2023-02-03 09:54:57 [restartedMain] INFO  : Initializing Spring embedded WebApplicationContext
2023-02-03 09:54:57 [restartedMain] INFO  : Root WebApplicationContext: initialization completed in 7647 ms
2023-02-03 09:54:58 [restartedMain] INFO  : HHH000204: Processing PersistenceUnitInfo [name: default]
2023-02-03 09:54:58 [restartedMain] INFO  : HHH000412: Hibernate ORM core version 6.1.6.Final
2023-02-03 09:54:58 [restartedMain] WARN  : HHH90000021: Encountered deprecated setting [javax.persistence.sharedCache.mode], use [jakarta.persistence.sharedCache.mode] instead
2023-02-03 09:54:59 [restartedMain] INFO  : HikariPool-1 - Starting...
2023-02-03 09:54:59 [restartedMain] INFO  : HikariPool-1 - Added connection com.mysql.cj.jdbc.ConnectionImpl@5ad7b3ae
2023-02-03 09:54:59 [restartedMain] INFO  : HikariPool-1 - Start completed.
2023-02-03 09:54:59 [restartedMain] INFO  : HHH000400: Using dialect: org.hibernate.dialect.MySQL5Dialect
2023-02-03 09:54:59 [restartedMain] WARN  : HHH90000026: MySQL5Dialect has been deprecated; use org.hibernate.dialect.MySQLDialect instead
2023-02-03 09:55:01 [restartedMain] INFO  : HHH000490: Using JtaPlatform implementation: [org.hibernate.engine.transaction.jta.platform.internal.NoJtaPlatform]
2023-02-03 09:55:01 [restartedMain] INFO  : Initialized JPA EntityManagerFactory for persistence unit 'default'
2023-02-03 09:55:02 [restartedMain] WARN  : spring.jpa.open-in-view is enabled by default. Therefore, database queries may be performed during view rendering. Explicitly configure spring.jpa.open-in-view to disable this warning
2023-02-03 09:55:03 [restartedMain] INFO  : Will secure any request with [org.springframework.security.web.session.DisableEncodeUrlFilter@25ba278f, org.springframework.security.web.context.request.async.WebAsyncManagerIntegrationFilter@64bd32d7, org.springframework.security.web.context.SecurityContextHolderFilter@39bc9c95, org.springframework.security.web.header.HeaderWriterFilter@6fa3eb9, org.springframework.security.web.authentication.logout.LogoutFilter@784228e3, org.springframework.security.web.savedrequest.RequestCacheAwareFilter@9da05e, org.springframework.security.web.servletapi.SecurityContextHolderAwareRequestFilter@2c7857ec, org.springframework.security.web.authentication.AnonymousAuthenticationFilter@5da15dfb, org.springframework.security.web.access.ExceptionTranslationFilter@4cdae547]
2023-02-03 09:55:05 [restartedMain] INFO  : LiveReload server is running on port 35729
2023-02-03 09:55:05 [restartedMain] INFO  : Eureka HTTP Client uses RestTemplate.
2023-02-03 09:55:05 [restartedMain] WARN  : Spring Cloud LoadBalancer is currently working with the default cache. While this cache implementation is useful for development and tests, it's recommended to use Caffeine cache in production.You can switch to using Caffeine cache, by adding it and org.springframework.cache.caffeine.CaffeineCacheManager to the classpath.
2023-02-03 09:55:05 [restartedMain] INFO  : Setting initial instance status as: STARTING
2023-02-03 09:55:06 [restartedMain] INFO  : Initializing Eureka in region us-east-1
2023-02-03 09:55:06 [restartedMain] INFO  : Resolving eureka endpoints via configuration
2023-02-03 09:55:06 [restartedMain] INFO  : Disable delta property : false
2023-02-03 09:55:06 [restartedMain] INFO  : Single vip registry refresh property : null
2023-02-03 09:55:06 [restartedMain] INFO  : Force full registry fetch : false
2023-02-03 09:55:06 [restartedMain] INFO  : Application is null : false
2023-02-03 09:55:06 [restartedMain] INFO  : Registered Applications size is zero : true
2023-02-03 09:55:06 [restartedMain] INFO  : Application version is -1: true
2023-02-03 09:55:06 [restartedMain] INFO  : Getting all instance registry info from the eureka server
2023-02-03 09:55:06 [restartedMain] INFO  : The response status is 200
2023-02-03 09:55:06 [restartedMain] INFO  : Starting heartbeat executor: renew interval is: 30
2023-02-03 09:55:06 [restartedMain] INFO  : InstanceInfoReplicator onDemand update allowed rate per min is 4
2023-02-03 09:55:06 [restartedMain] INFO  : Discovery Client initialized at timestamp 1675398306673 with initial instances count: 3
2023-02-03 09:55:06 [restartedMain] INFO  : Registering application FARMER-SERVICE with eureka with status UP
2023-02-03 09:55:06 [restartedMain] INFO  : Saw local status change event StatusChangeEvent [timestamp=1675398306683, current=UP, previous=STARTING]
2023-02-03 09:55:06 [DiscoveryClient-InstanceInfoReplicator-0] INFO  : DiscoveryClient_FARMER-SERVICE/host.docker.internal:FARMER-SERVICE:4001: registering service...
2023-02-03 09:55:06 [restartedMain] INFO  : Starting ProtocolHandler ["http-nio-4001"]
2023-02-03 09:55:06 [restartedMain] INFO  : Tomcat started on port(s): 4001 (http) with context path ''
2023-02-03 09:55:06 [restartedMain] INFO  : Updating port to 4001
2023-02-03 09:55:06 [DiscoveryClient-InstanceInfoReplicator-0] INFO  : DiscoveryClient_FARMER-SERVICE/host.docker.internal:FARMER-SERVICE:4001 - registration status: 204
2023-02-03 09:55:06 [restartedMain] INFO  : Started FarmerServiceApplication in 19.989 seconds (process running for 23.142)
2023-02-03 09:57:50 [http-nio-4001-exec-1] INFO  : Error parsing HTTP request header
 Note: further occurrences of HTTP request parsing errors will be logged at DEBUG level.
java.lang.IllegalArgumentException: Invalid character found in method name [0x160x030x030x01n0x010x000x01j0x030x030xaf-0x9f0x0b80x0f*RV0xdc0x9b0xad0xae^eER0xe80xc10x1fy0x1dQV0xccX0xf30xfc0x8b0x0d0x9e0xd1 ]. HTTP method names must be tokens
	at org.apache.coyote.http11.Http11InputBuffer.parseRequestLine(Http11InputBuffer.java:419)
	at org.apache.coyote.http11.Http11Processor.service(Http11Processor.java:272)
	at org.apache.coyote.AbstractProcessorLight.process(AbstractProcessorLight.java:65)
	at org.apache.coyote.AbstractProtocol$ConnectionHandler.process(AbstractProtocol.java:859)
	at org.apache.tomcat.util.net.NioEndpoint$SocketProcessor.doRun(NioEndpoint.java:1734)
	at org.apache.tomcat.util.net.SocketProcessorBase.run(SocketProcessorBase.java:52)
	at org.apache.tomcat.util.threads.ThreadPoolExecutor.runWorker(ThreadPoolExecutor.java:1191)
	at org.apache.tomcat.util.threads.ThreadPoolExecutor$Worker.run(ThreadPoolExecutor.java:659)
	at org.apache.tomcat.util.threads.TaskThread$WrappingRunnable.run(TaskThread.java:61)
	at java.base/java.lang.Thread.run(Thread.java:833)
2023-02-03 09:57:50 [http-nio-4001-exec-2] INFO  : Error parsing HTTP request header
 Note: further occurrences of HTTP request parsing errors will be logged at DEBUG level.
java.lang.IllegalArgumentException: Invalid character found in method name [0x160x030x030x01n0x010x000x01j0x030x030xcb0xf50xb610x10:0x00QP0xf40xf00xb840x040x180x810xb2#0xbb-?0xb4'G0xed0x030xa90xb80xeb0xbb0x129 ]. HTTP method names must be tokens
	at org.apache.coyote.http11.Http11InputBuffer.parseRequestLine(Http11InputBuffer.java:419)
	at org.apache.coyote.http11.Http11Processor.service(Http11Processor.java:272)
	at org.apache.coyote.AbstractProcessorLight.process(AbstractProcessorLight.java:65)
	at org.apache.coyote.AbstractProtocol$ConnectionHandler.process(AbstractProtocol.java:859)
	at org.apache.tomcat.util.net.NioEndpoint$SocketProcessor.doRun(NioEndpoint.java:1734)
	at org.apache.tomcat.util.net.SocketProcessorBase.run(SocketProcessorBase.java:52)
	at org.apache.tomcat.util.threads.ThreadPoolExecutor.runWorker(ThreadPoolExecutor.java:1191)
	at org.apache.tomcat.util.threads.ThreadPoolExecutor$Worker.run(ThreadPoolExecutor.java:659)
	at org.apache.tomcat.util.threads.TaskThread$WrappingRunnable.run(TaskThread.java:61)
	at java.base/java.lang.Thread.run(Thread.java:833)
2023-02-03 10:00:06 [AsyncResolver-bootstrap-executor-0] INFO  : Resolving eureka endpoints via configuration
2023-02-03 10:05:06 [AsyncResolver-bootstrap-executor-0] INFO  : Resolving eureka endpoints via configuration
2023-02-03 10:10:06 [AsyncResolver-bootstrap-executor-0] INFO  : Resolving eureka endpoints via configuration
2023-02-03 10:15:06 [AsyncResolver-bootstrap-executor-0] INFO  : Resolving eureka endpoints via configuration
2023-02-03 10:20:06 [AsyncResolver-bootstrap-executor-0] INFO  : Resolving eureka endpoints via configuration
2023-02-03 10:25:06 [AsyncResolver-bootstrap-executor-0] INFO  : Resolving eureka endpoints via configuration
2023-02-03 10:30:06 [AsyncResolver-bootstrap-executor-0] INFO  : Resolving eureka endpoints via configuration
2023-02-03 10:35:06 [AsyncResolver-bootstrap-executor-0] INFO  : Resolving eureka endpoints via configuration
2023-02-03 10:40:06 [AsyncResolver-bootstrap-executor-0] INFO  : Resolving eureka endpoints via configuration
2023-02-03 10:45:06 [AsyncResolver-bootstrap-executor-0] INFO  : Resolving eureka endpoints via configuration
2023-02-03 10:50:06 [AsyncResolver-bootstrap-executor-0] INFO  : Resolving eureka endpoints via configuration
2023-02-03 10:55:06 [AsyncResolver-bootstrap-executor-0] INFO  : Resolving eureka endpoints via configuration
2023-02-03 10:57:11 [http-nio-4001-exec-7] INFO  : Initializing Spring DispatcherServlet 'dispatcherServlet'
2023-02-03 10:57:11 [http-nio-4001-exec-7] INFO  : Initializing Servlet 'dispatcherServlet'
2023-02-03 10:57:11 [http-nio-4001-exec-7] INFO  : Completed initialization in 360 ms
2023-02-03 10:57:47 [http-nio-4001-exec-1] INFO  : Inside the ProductService and getProductProduct Method
2023-02-03 11:00:06 [AsyncResolver-bootstrap-executor-0] INFO  : Resolving eureka endpoints via configuration
2023-02-03 11:05:06 [AsyncResolver-bootstrap-executor-0] INFO  : Resolving eureka endpoints via configuration
2023-02-03 11:10:06 [AsyncResolver-bootstrap-executor-0] INFO  : Resolving eureka endpoints via configuration
2023-02-03 11:15:06 [AsyncResolver-bootstrap-executor-0] INFO  : Resolving eureka endpoints via configuration
2023-02-03 11:20:06 [AsyncResolver-bootstrap-executor-0] INFO  : Resolving eureka endpoints via configuration
2023-02-03 11:25:06 [AsyncResolver-bootstrap-executor-0] INFO  : Resolving eureka endpoints via configuration
2023-02-03 11:30:06 [AsyncResolver-bootstrap-executor-0] INFO  : Resolving eureka endpoints via configuration
2023-02-03 11:35:06 [AsyncResolver-bootstrap-executor-0] INFO  : Resolving eureka endpoints via configuration
2023-02-03 11:40:06 [AsyncResolver-bootstrap-executor-0] INFO  : Resolving eureka endpoints via configuration
2023-02-03 11:45:06 [AsyncResolver-bootstrap-executor-0] INFO  : Resolving eureka endpoints via configuration
2023-02-03 11:50:06 [AsyncResolver-bootstrap-executor-0] INFO  : Resolving eureka endpoints via configuration
2023-02-03 11:55:06 [AsyncResolver-bootstrap-executor-0] INFO  : Resolving eureka endpoints via configuration
2023-02-03 12:00:06 [AsyncResolver-bootstrap-executor-0] INFO  : Resolving eureka endpoints via configuration
2023-02-03 12:05:07 [AsyncResolver-bootstrap-executor-0] INFO  : Resolving eureka endpoints via configuration
2023-02-03 12:10:07 [AsyncResolver-bootstrap-executor-0] INFO  : Resolving eureka endpoints via configuration
2023-02-03 12:15:07 [AsyncResolver-bootstrap-executor-0] INFO  : Resolving eureka endpoints via configuration
2023-02-03 12:20:07 [AsyncResolver-bootstrap-executor-0] INFO  : Resolving eureka endpoints via configuration
2023-02-03 12:25:07 [AsyncResolver-bootstrap-executor-0] INFO  : Resolving eureka endpoints via configuration
2023-02-03 12:30:07 [AsyncResolver-bootstrap-executor-0] INFO  : Resolving eureka endpoints via configuration
2023-02-03 12:35:07 [AsyncResolver-bootstrap-executor-0] INFO  : Resolving eureka endpoints via configuration
2023-02-03 12:40:07 [AsyncResolver-bootstrap-executor-0] INFO  : Resolving eureka endpoints via configuration
2023-02-03 12:45:07 [AsyncResolver-bootstrap-executor-0] INFO  : Resolving eureka endpoints via configuration
2023-02-03 12:50:07 [AsyncResolver-bootstrap-executor-0] INFO  : Resolving eureka endpoints via configuration
2023-02-03 12:55:07 [AsyncResolver-bootstrap-executor-0] INFO  : Resolving eureka endpoints via configuration
2023-02-03 13:00:07 [AsyncResolver-bootstrap-executor-0] INFO  : Resolving eureka endpoints via configuration
2023-02-03 13:05:07 [AsyncResolver-bootstrap-executor-0] INFO  : Resolving eureka endpoints via configuration
2023-02-03 13:10:07 [AsyncResolver-bootstrap-executor-0] INFO  : Resolving eureka endpoints via configuration
2023-02-03 13:15:07 [AsyncResolver-bootstrap-executor-0] INFO  : Resolving eureka endpoints via configuration
2023-02-03 13:20:07 [AsyncResolver-bootstrap-executor-0] INFO  : Resolving eureka endpoints via configuration
2023-02-03 13:25:07 [AsyncResolver-bootstrap-executor-0] INFO  : Resolving eureka endpoints via configuration
2023-02-03 13:30:07 [AsyncResolver-bootstrap-executor-0] INFO  : Resolving eureka endpoints via configuration
2023-02-03 13:35:07 [AsyncResolver-bootstrap-executor-0] INFO  : Resolving eureka endpoints via configuration
2023-02-03 13:40:07 [AsyncResolver-bootstrap-executor-0] INFO  : Resolving eureka endpoints via configuration
2023-02-03 13:45:07 [AsyncResolver-bootstrap-executor-0] INFO  : Resolving eureka endpoints via configuration
2023-02-03 17:48:11 [AsyncResolver-bootstrap-executor-0] INFO  : Resolving eureka endpoints via configuration
2023-02-03 17:53:11 [AsyncResolver-bootstrap-executor-0] INFO  : Resolving eureka endpoints via configuration
2023-02-03 17:58:11 [AsyncResolver-bootstrap-executor-0] INFO  : Resolving eureka endpoints via configuration
2023-02-03 18:03:11 [AsyncResolver-bootstrap-executor-0] INFO  : Resolving eureka endpoints via configuration
2023-02-03 18:08:11 [AsyncResolver-bootstrap-executor-0] INFO  : Resolving eureka endpoints via configuration
2023-02-03 18:13:12 [AsyncResolver-bootstrap-executor-0] INFO  : Resolving eureka endpoints via configuration
2023-02-03 18:18:12 [AsyncResolver-bootstrap-executor-0] INFO  : Resolving eureka endpoints via configuration
2023-02-03 18:23:12 [AsyncResolver-bootstrap-executor-0] INFO  : Resolving eureka endpoints via configuration
2023-02-03 18:28:12 [AsyncResolver-bootstrap-executor-0] INFO  : Resolving eureka endpoints via configuration
2023-02-03 18:33:12 [AsyncResolver-bootstrap-executor-0] INFO  : Resolving eureka endpoints via configuration
2023-02-03 18:38:12 [AsyncResolver-bootstrap-executor-0] INFO  : Resolving eureka endpoints via configuration
2023-02-03 18:43:12 [AsyncResolver-bootstrap-executor-0] INFO  : Resolving eureka endpoints via configuration
2023-02-03 18:48:12 [AsyncResolver-bootstrap-executor-0] INFO  : Resolving eureka endpoints via configuration
2023-02-03 18:53:12 [AsyncResolver-bootstrap-executor-0] INFO  : Resolving eureka endpoints via configuration
2023-02-03 18:58:12 [AsyncResolver-bootstrap-executor-0] INFO  : Resolving eureka endpoints via configuration
2023-02-03 19:44:08 [AsyncResolver-bootstrap-executor-0] INFO  : Resolving eureka endpoints via configuration
2023-02-03 19:49:09 [AsyncResolver-bootstrap-executor-0] INFO  : Resolving eureka endpoints via configuration
2023-02-03 19:54:09 [AsyncResolver-bootstrap-executor-0] INFO  : Resolving eureka endpoints via configuration
2023-02-03 19:59:10 [AsyncResolver-bootstrap-executor-0] INFO  : Resolving eureka endpoints via configuration
2023-02-03 20:04:10 [AsyncResolver-bootstrap-executor-0] INFO  : Resolving eureka endpoints via configuration
2023-02-03 20:09:10 [AsyncResolver-bootstrap-executor-0] INFO  : Resolving eureka endpoints via configuration
2023-02-03 20:14:51 [AsyncResolver-bootstrap-executor-0] INFO  : Resolving eureka endpoints via configuration
